{"/app/src/app.module.ts": {"path":"/app/src/app.module.ts","statementMap":{"0":{"start":{"line":1,"column":0},"end":{"line":1,"column":40}},"1":{"start":{"line":2,"column":0},"end":{"line":2,"column":46}},"2":{"start":{"line":3,"column":0},"end":{"line":3,"column":52}},"3":{"start":{"line":4,"column":0},"end":{"line":4,"column":56}},"4":{"start":{"line":5,"column":0},"end":{"line":5,"column":77}},"5":{"start":{"line":6,"column":0},"end":{"line":6,"column":61}},"6":{"start":{"line":7,"column":0},"end":{"line":7,"column":67}},"7":{"start":{"line":25,"column":7},"end":{"line":25,"column":null}},"8":{"start":{"line":25,"column":13},"end":{"line":25,"column":22}},"9":{"start":{"line":25,"column":13},"end":{"line":25,"column":null}}},"fnMap":{},"branchMap":{},"s":{"0":4,"1":4,"2":4,"3":4,"4":4,"5":4,"6":4,"7":4,"8":4,"9":4},"f":{},"b":{}}
,"/app/src/main.ts": {"path":"/app/src/main.ts","statementMap":{"0":{"start":{"line":11,"column":0},"end":{"line":11,"column":7}},"1":{"start":{"line":1,"column":0},"end":{"line":1,"column":48}},"2":{"start":{"line":2,"column":0},"end":{"line":2,"column":43}},"3":{"start":{"line":3,"column":0},"end":{"line":3,"column":28}},"4":{"start":{"line":4,"column":0},"end":{"line":4,"column":41}},"5":{"start":{"line":5,"column":0},"end":{"line":5,"column":64}},"6":{"start":{"line":6,"column":0},"end":{"line":6,"column":71}},"7":{"start":{"line":7,"column":0},"end":{"line":7,"column":72}},"8":{"start":{"line":8,"column":0},"end":{"line":8,"column":80}},"9":{"start":{"line":9,"column":0},"end":{"line":9,"column":63}},"10":{"start":{"line":12,"column":14},"end":{"line":12,"column":66}},"11":{"start":{"line":15,"column":22},"end":{"line":18,"column":20}},"12":{"start":{"line":17,"column":16},"end":{"line":17,"column":24}},"13":{"start":{"line":20,"column":2},"end":{"line":23,"column":5}},"14":{"start":{"line":26,"column":2},"end":{"line":38,"column":4}},"15":{"start":{"line":40,"column":2},"end":{"line":40,"column":29}},"16":{"start":{"line":42,"column":2},"end":{"line":48,"column":4}},"17":{"start":{"line":51,"column":2},"end":{"line":51,"column":72}},"18":{"start":{"line":53,"column":2},"end":{"line":53,"column":58}},"19":{"start":{"line":54,"column":2},"end":{"line":54,"column":49}},"20":{"start":{"line":57,"column":17},"end":{"line":57,"column":39}},"21":{"start":{"line":58,"column":2},"end":{"line":58,"column":34}},"22":{"start":{"line":60,"column":15},"end":{"line":60,"column":47}},"23":{"start":{"line":61,"column":2},"end":{"line":61,"column":25}},"24":{"start":{"line":65,"column":0},"end":{"line":67,"column":1}},"25":{"start":{"line":66,"column":2},"end":{"line":66,"column":19}}},"fnMap":{"0":{"name":"bootstrap","decl":{"start":{"line":11,"column":22},"end":{"line":11,"column":31}},"loc":{"start":{"line":11,"column":31},"end":{"line":62,"column":1}}},"1":{"name":"(anonymous_2)","decl":{"start":{"line":17,"column":9},"end":{"line":17,"column":10}},"loc":{"start":{"line":17,"column":16},"end":{"line":17,"column":24}}}},"branchMap":{"0":{"loc":{"start":{"line":15,"column":23},"end":{"line":15,"column":53}},"type":"binary-expr","locations":[{"start":{"line":15,"column":23},"end":{"line":15,"column":47}},{"start":{"line":15,"column":51},"end":{"line":15,"column":53}}]},"1":{"loc":{"start":{"line":21,"column":12},"end":{"line":21,"column":52}},"type":"cond-expr","locations":[{"start":{"line":21,"column":33},"end":{"line":21,"column":44}},{"start":{"line":21,"column":47},"end":{"line":21,"column":52}}]},"2":{"loc":{"start":{"line":31,"column":8},"end":{"line":33,"column":17}},"type":"cond-expr","locations":[{"start":{"line":32,"column":12},"end":{"line":32,"column":72}},{"start":{"line":33,"column":12},"end":{"line":33,"column":17}}]},"3":{"loc":{"start":{"line":35,"column":8},"end":{"line":35,"column":69}},"type":"cond-expr","locations":[{"start":{"line":35,"column":52},"end":{"line":35,"column":61}},{"start":{"line":35,"column":64},"end":{"line":35,"column":69}}]},"4":{"loc":{"start":{"line":60,"column":22},"end":{"line":60,"column":46}},"type":"binary-expr","locations":[{"start":{"line":60,"column":22},"end":{"line":60,"column":38}},{"start":{"line":60,"column":42},"end":{"line":60,"column":46}}]},"5":{"loc":{"start":{"line":65,"column":0},"end":{"line":67,"column":1}},"type":"if","locations":[{"start":{"line":65,"column":0},"end":{"line":67,"column":1}},{"start":{},"end":{}}]}},"s":{"0":2,"1":2,"2":2,"3":2,"4":2,"5":2,"6":2,"7":2,"8":2,"9":2,"10":2,"11":2,"12":3,"13":2,"14":2,"15":2,"16":2,"17":2,"18":2,"19":2,"20":2,"21":2,"22":2,"23":2,"24":2,"25":1},"f":{"0":2,"1":3},"b":{"0":[2,1],"1":[1,1],"2":[1,1],"3":[1,1],"4":[2,0],"5":[1,1]}}
,"/app/src/modules/auth/auth.module.ts": {"path":"/app/src/modules/auth/auth.module.ts","statementMap":{"0":{"start":{"line":1,"column":0},"end":{"line":1,"column":40}},"1":{"start":{"line":2,"column":0},"end":{"line":2,"column":64}},"2":{"start":{"line":3,"column":0},"end":{"line":3,"column":59}},"3":{"start":{"line":4,"column":0},"end":{"line":4,"column":65}},"4":{"start":{"line":5,"column":0},"end":{"line":5,"column":63}},"5":{"start":{"line":6,"column":0},"end":{"line":6,"column":61}},"6":{"start":{"line":7,"column":0},"end":{"line":7,"column":71}},"7":{"start":{"line":17,"column":7},"end":{"line":17,"column":null}},"8":{"start":{"line":17,"column":13},"end":{"line":17,"column":23}},"9":{"start":{"line":17,"column":13},"end":{"line":17,"column":null}}},"fnMap":{},"branchMap":{},"s":{"0":4,"1":4,"2":4,"3":4,"4":4,"5":4,"6":4,"7":4,"8":4,"9":4},"f":{},"b":{}}
,"/app/src/modules/auth/application/login.usecase.ts": {"path":"/app/src/modules/auth/application/login.usecase.ts","statementMap":{"0":{"start":{"line":1,"column":0},"end":{"line":1,"column":67}},"1":{"start":{"line":2,"column":0},"end":{"line":2,"column":33}},"2":{"start":{"line":3,"column":0},"end":{"line":3,"column":70}},"3":{"start":{"line":4,"column":0},"end":{"line":4,"column":70}},"4":{"start":{"line":5,"column":0},"end":{"line":5,"column":64}},"5":{"start":{"line":11,"column":7},"end":{"line":88,"column":null}},"6":{"start":{"line":13,"column":21},"end":{"line":13,"column":29}},"7":{"start":{"line":14,"column":21},"end":{"line":14,"column":35}},"8":{"start":{"line":24,"column":18},"end":{"line":26,"column":20}},"9":{"start":{"line":27,"column":21},"end":{"line":27,"column":49}},"10":{"start":{"line":29,"column":19},"end":{"line":29,"column":37}},"11":{"start":{"line":30,"column":17},"end":{"line":33,"column":6}},"12":{"start":{"line":35,"column":4},"end":{"line":40,"column":5}},"13":{"start":{"line":36,"column":6},"end":{"line":39,"column":9}},"14":{"start":{"line":42,"column":4},"end":{"line":47,"column":5}},"15":{"start":{"line":43,"column":6},"end":{"line":46,"column":9}},"16":{"start":{"line":49,"column":15},"end":{"line":49,"column":63}},"17":{"start":{"line":50,"column":4},"end":{"line":55,"column":5}},"18":{"start":{"line":51,"column":6},"end":{"line":54,"column":9}},"19":{"start":{"line":57,"column":24},"end":{"line":63,"column":6}},"20":{"start":{"line":65,"column":20},"end":{"line":71,"column":6}},"21":{"start":{"line":73,"column":29},"end":{"line":73,"column":71}},"22":{"start":{"line":74,"column":4},"end":{"line":80,"column":7}},"23":{"start":{"line":82,"column":4},"end":{"line":86,"column":6}},"24":{"start":{"line":11,"column":13},"end":{"line":11,"column":25}},"25":{"start":{"line":11,"column":13},"end":{"line":88,"column":null}}},"fnMap":{"0":{"name":"(anonymous_11)","decl":{"start":{"line":12,"column":2},"end":{"line":12,"column":null}},"loc":{"start":{"line":14,"column":47},"end":{"line":15,"column":6}}},"1":{"name":"(anonymous_12)","decl":{"start":{"line":20,"column":2},"end":{"line":20,"column":7}},"loc":{"start":{"line":23,"column":3},"end":{"line":87,"column":3}}}},"branchMap":{"0":{"loc":{"start":{"line":24,"column":25},"end":{"line":24,"column":42}},"type":"binary-expr","locations":[{"start":{"line":24,"column":25},"end":{"line":24,"column":36}},{"start":{"line":24,"column":40},"end":{"line":24,"column":42}}]},"1":{"loc":{"start":{"line":27,"column":28},"end":{"line":27,"column":48}},"type":"binary-expr","locations":[{"start":{"line":27,"column":28},"end":{"line":27,"column":42}},{"start":{"line":27,"column":46},"end":{"line":27,"column":48}}]},"2":{"loc":{"start":{"line":35,"column":4},"end":{"line":40,"column":5}},"type":"if","locations":[{"start":{"line":35,"column":4},"end":{"line":40,"column":5}},{"start":{},"end":{}}]},"3":{"loc":{"start":{"line":42,"column":4},"end":{"line":47,"column":5}},"type":"if","locations":[{"start":{"line":42,"column":4},"end":{"line":47,"column":5}},{"start":{},"end":{}}]},"4":{"loc":{"start":{"line":50,"column":4},"end":{"line":55,"column":5}},"type":"if","locations":[{"start":{"line":50,"column":4},"end":{"line":55,"column":5}},{"start":{},"end":{}}]},"5":{"loc":{"start":{"line":13,"column":29},"end":{"line":13,"column":null}},"type":"cond-expr","locations":[{"start":{"line":13,"column":42},"end":{"line":13,"column":null}},{"start":{"line":13,"column":42},"end":{"line":13,"column":null}}]},"6":{"loc":{"start":{"line":13,"column":29},"end":{"line":13,"column":42}},"type":"binary-expr","locations":[{"start":{"line":13,"column":29},"end":{"line":13,"column":null}},{"start":{"line":13,"column":29},"end":{"line":13,"column":42}}]},"7":{"loc":{"start":{"line":13,"column":42},"end":{"line":14,"column":null}},"type":"cond-expr","locations":[{"start":{"line":14,"column":47},"end":{"line":14,"column":null}},{"start":{"line":14,"column":47},"end":{"line":14,"column":null}}]},"8":{"loc":{"start":{"line":13,"column":42},"end":{"line":14,"column":47}},"type":"binary-expr","locations":[{"start":{"line":13,"column":42},"end":{"line":14,"column":null}},{"start":{"line":14,"column":35},"end":{"line":14,"column":47}}]}},"s":{"0":6,"1":6,"2":6,"3":6,"4":6,"5":6,"6":11,"7":11,"8":6,"9":6,"10":6,"11":6,"12":6,"13":3,"14":3,"15":1,"16":2,"17":2,"18":1,"19":1,"20":1,"21":1,"22":1,"23":1,"24":6,"25":6},"f":{"0":11,"1":6},"b":{"0":[6,2],"1":[6,2],"2":[3,3],"3":[1,2],"4":[1,1],"5":[6,0],"6":[6,6],"7":[6,0],"8":[6,6]}}
,"/app/src/modules/auth/application/logout.usecase.ts": {"path":"/app/src/modules/auth/application/logout.usecase.ts","statementMap":{"0":{"start":{"line":1,"column":0},"end":{"line":1,"column":44}},"1":{"start":{"line":2,"column":0},"end":{"line":2,"column":70}},"2":{"start":{"line":3,"column":0},"end":{"line":3,"column":64}},"3":{"start":{"line":10,"column":7},"end":{"line":32,"column":null}},"4":{"start":{"line":11,"column":31},"end":{"line":11,"column":39}},"5":{"start":{"line":14,"column":19},"end":{"line":14,"column":37}},"6":{"start":{"line":16,"column":4},"end":{"line":28,"column":7}},"7":{"start":{"line":18,"column":6},"end":{"line":21,"column":9}},"8":{"start":{"line":24,"column":6},"end":{"line":27,"column":9}},"9":{"start":{"line":30,"column":4},"end":{"line":30,"column":51}},"10":{"start":{"line":10,"column":13},"end":{"line":10,"column":26}},"11":{"start":{"line":10,"column":13},"end":{"line":32,"column":null}}},"fnMap":{"0":{"name":"(anonymous_2)","decl":{"start":{"line":11,"column":2},"end":{"line":11,"column":31}},"loc":{"start":{"line":11,"column":52},"end":{"line":11,"column":56}}},"1":{"name":"(anonymous_3)","decl":{"start":{"line":13,"column":2},"end":{"line":13,"column":7}},"loc":{"start":{"line":13,"column":41},"end":{"line":31,"column":3}}},"2":{"name":"(anonymous_4)","decl":{"start":{"line":16,"column":30},"end":{"line":16,"column":35}},"loc":{"start":{"line":16,"column":48},"end":{"line":28,"column":5}}}},"branchMap":{"0":{"loc":{"start":{"line":11,"column":39},"end":{"line":11,"column":55}},"type":"cond-expr","locations":[{"start":{"line":11,"column":52},"end":{"line":11,"column":55}},{"start":{"line":11,"column":52},"end":{"line":11,"column":55}}]},"1":{"loc":{"start":{"line":11,"column":39},"end":{"line":11,"column":52}},"type":"binary-expr","locations":[{"start":{"line":11,"column":39},"end":{"line":11,"column":55}},{"start":{"line":11,"column":39},"end":{"line":11,"column":52}}]}},"s":{"0":6,"1":6,"2":6,"3":6,"4":6,"5":1,"6":1,"7":1,"8":1,"9":1,"10":6,"11":6},"f":{"0":6,"1":1,"2":1},"b":{"0":[6,0],"1":[6,6]}}
,"/app/src/modules/auth/application/refresh.usecase.ts": {"path":"/app/src/modules/auth/application/refresh.usecase.ts","statementMap":{"0":{"start":{"line":1,"column":0},"end":{"line":1,"column":67}},"1":{"start":{"line":2,"column":0},"end":{"line":2,"column":70}},"2":{"start":{"line":3,"column":0},"end":{"line":3,"column":70}},"3":{"start":{"line":4,"column":0},"end":{"line":4,"column":64}},"4":{"start":{"line":18,"column":7},"end":{"line":133,"column":null}},"5":{"start":{"line":20,"column":21},"end":{"line":20,"column":29}},"6":{"start":{"line":21,"column":21},"end":{"line":21,"column":35}},"7":{"start":{"line":27,"column":25},"end":{"line":27,"column":64}},"8":{"start":{"line":29,"column":4},"end":{"line":131,"column":5}},"9":{"start":{"line":30,"column":23},"end":{"line":30,"column":67}},"10":{"start":{"line":31,"column":6},"end":{"line":33,"column":7}},"11":{"start":{"line":32,"column":8},"end":{"line":32,"column":46}},"12":{"start":{"line":35,"column":22},"end":{"line":35,"column":38}},"13":{"start":{"line":38,"column":21},"end":{"line":38,"column":39}},"14":{"start":{"line":39,"column":27},"end":{"line":39,"column":68}},"15":{"start":{"line":42,"column":24},"end":{"line":44,"column":8}},"16":{"start":{"line":46,"column":6},"end":{"line":48,"column":7}},"17":{"start":{"line":47,"column":8},"end":{"line":47,"column":50}},"18":{"start":{"line":51,"column":6},"end":{"line":63,"column":7}},"19":{"start":{"line":52,"column":8},"end":{"line":61,"column":11}},"20":{"start":{"line":53,"column":10},"end":{"line":56,"column":13}},"21":{"start":{"line":57,"column":10},"end":{"line":60,"column":13}},"22":{"start":{"line":62,"column":8},"end":{"line":62,"column":47}},"23":{"start":{"line":65,"column":6},"end":{"line":72,"column":7}},"24":{"start":{"line":67,"column":8},"end":{"line":70,"column":11}},"25":{"start":{"line":71,"column":8},"end":{"line":71,"column":44}},"26":{"start":{"line":75,"column":21},"end":{"line":78,"column":8}},"27":{"start":{"line":80,"column":6},"end":{"line":82,"column":7}},"28":{"start":{"line":81,"column":8},"end":{"line":81,"column":43}},"29":{"start":{"line":85,"column":6},"end":{"line":87,"column":7}},"30":{"start":{"line":86,"column":8},"end":{"line":86,"column":49}},"31":{"start":{"line":90,"column":29},"end":{"line":96,"column":8}},"32":{"start":{"line":98,"column":25},"end":{"line":104,"column":8}},"33":{"start":{"line":106,"column":22},"end":{"line":106,"column":67}},"34":{"start":{"line":107,"column":6},"end":{"line":119,"column":9}},"35":{"start":{"line":108,"column":8},"end":{"line":111,"column":11}},"36":{"start":{"line":112,"column":8},"end":{"line":118,"column":11}},"37":{"start":{"line":121,"column":6},"end":{"line":125,"column":8}},"38":{"start":{"line":127,"column":6},"end":{"line":130,"column":9}},"39":{"start":{"line":18,"column":13},"end":{"line":18,"column":27}},"40":{"start":{"line":18,"column":13},"end":{"line":133,"column":null}}},"fnMap":{"0":{"name":"(anonymous_2)","decl":{"start":{"line":19,"column":2},"end":{"line":19,"column":null}},"loc":{"start":{"line":21,"column":47},"end":{"line":22,"column":6}}},"1":{"name":"(anonymous_3)","decl":{"start":{"line":24,"column":2},"end":{"line":24,"column":7}},"loc":{"start":{"line":26,"column":3},"end":{"line":132,"column":3}}},"2":{"name":"(anonymous_4)","decl":{"start":{"line":52,"column":34},"end":{"line":52,"column":39}},"loc":{"start":{"line":52,"column":52},"end":{"line":61,"column":9}}},"3":{"name":"(anonymous_5)","decl":{"start":{"line":107,"column":32},"end":{"line":107,"column":37}},"loc":{"start":{"line":107,"column":50},"end":{"line":119,"column":7}}}},"branchMap":{"0":{"loc":{"start":{"line":27,"column":32},"end":{"line":27,"column":56}},"type":"binary-expr","locations":[{"start":{"line":27,"column":32},"end":{"line":27,"column":50}},{"start":{"line":27,"column":54},"end":{"line":27,"column":56}}]},"1":{"loc":{"start":{"line":31,"column":6},"end":{"line":33,"column":7}},"type":"if","locations":[{"start":{"line":31,"column":6},"end":{"line":33,"column":7}},{"start":{},"end":{}}]},"2":{"loc":{"start":{"line":46,"column":6},"end":{"line":48,"column":7}},"type":"if","locations":[{"start":{"line":46,"column":6},"end":{"line":48,"column":7}},{"start":{},"end":{}}]},"3":{"loc":{"start":{"line":51,"column":6},"end":{"line":63,"column":7}},"type":"if","locations":[{"start":{"line":51,"column":6},"end":{"line":63,"column":7}},{"start":{},"end":{}}]},"4":{"loc":{"start":{"line":65,"column":6},"end":{"line":72,"column":7}},"type":"if","locations":[{"start":{"line":65,"column":6},"end":{"line":72,"column":7}},{"start":{},"end":{}}]},"5":{"loc":{"start":{"line":80,"column":6},"end":{"line":82,"column":7}},"type":"if","locations":[{"start":{"line":80,"column":6},"end":{"line":82,"column":7}},{"start":{},"end":{}}]},"6":{"loc":{"start":{"line":85,"column":6},"end":{"line":87,"column":7}},"type":"if","locations":[{"start":{"line":85,"column":6},"end":{"line":87,"column":7}},{"start":{},"end":{}}]},"7":{"loc":{"start":{"line":20,"column":29},"end":{"line":20,"column":null}},"type":"cond-expr","locations":[{"start":{"line":20,"column":42},"end":{"line":20,"column":null}},{"start":{"line":20,"column":42},"end":{"line":20,"column":null}}]},"8":{"loc":{"start":{"line":20,"column":29},"end":{"line":20,"column":42}},"type":"binary-expr","locations":[{"start":{"line":20,"column":29},"end":{"line":20,"column":null}},{"start":{"line":20,"column":29},"end":{"line":20,"column":42}}]},"9":{"loc":{"start":{"line":20,"column":42},"end":{"line":21,"column":null}},"type":"cond-expr","locations":[{"start":{"line":21,"column":47},"end":{"line":21,"column":null}},{"start":{"line":21,"column":47},"end":{"line":21,"column":null}}]},"10":{"loc":{"start":{"line":20,"column":42},"end":{"line":21,"column":47}},"type":"binary-expr","locations":[{"start":{"line":20,"column":42},"end":{"line":21,"column":null}},{"start":{"line":21,"column":35},"end":{"line":21,"column":47}}]}},"s":{"0":6,"1":6,"2":6,"3":6,"4":6,"5":14,"6":14,"7":9,"8":9,"9":9,"10":9,"11":1,"12":7,"13":7,"14":7,"15":7,"16":7,"17":1,"18":6,"19":1,"20":1,"21":1,"22":1,"23":5,"24":1,"25":1,"26":4,"27":4,"28":2,"29":2,"30":1,"31":1,"32":1,"33":1,"34":1,"35":1,"36":1,"37":1,"38":8,"39":6,"40":6},"f":{"0":14,"1":9,"2":1,"3":1},"b":{"0":[9,1],"1":[1,7],"2":[1,6],"3":[1,5],"4":[1,4],"5":[2,2],"6":[1,1],"7":[6,0],"8":[6,6],"9":[6,0],"10":[6,6]}}
,"/app/src/modules/auth/application/register.usecase.ts": {"path":"/app/src/modules/auth/application/register.usecase.ts","statementMap":{"0":{"start":{"line":1,"column":0},"end":{"line":1,"column":65}},"1":{"start":{"line":2,"column":0},"end":{"line":2,"column":33}},"2":{"start":{"line":3,"column":0},"end":{"line":3,"column":70}},"3":{"start":{"line":4,"column":0},"end":{"line":4,"column":70}},"4":{"start":{"line":5,"column":0},"end":{"line":5,"column":64}},"5":{"start":{"line":16,"column":7},"end":{"line":92,"column":null}},"6":{"start":{"line":18,"column":21},"end":{"line":18,"column":29}},"7":{"start":{"line":19,"column":21},"end":{"line":19,"column":35}},"8":{"start":{"line":26,"column":18},"end":{"line":28,"column":20}},"9":{"start":{"line":29,"column":21},"end":{"line":29,"column":49}},"10":{"start":{"line":31,"column":19},"end":{"line":31,"column":37}},"11":{"start":{"line":34,"column":21},"end":{"line":38,"column":6}},"12":{"start":{"line":40,"column":25},"end":{"line":40,"column":52}},"13":{"start":{"line":42,"column":4},"end":{"line":90,"column":5}},"14":{"start":{"line":43,"column":19},"end":{"line":50,"column":8}},"15":{"start":{"line":52,"column":26},"end":{"line":58,"column":8}},"16":{"start":{"line":60,"column":22},"end":{"line":66,"column":8}},"17":{"start":{"line":68,"column":31},"end":{"line":68,"column":73}},"18":{"start":{"line":69,"column":6},"end":{"line":75,"column":9}},"19":{"start":{"line":77,"column":6},"end":{"line":81,"column":8}},"20":{"start":{"line":83,"column":6},"end":{"line":88,"column":7}},"21":{"start":{"line":84,"column":8},"end":{"line":87,"column":11}},"22":{"start":{"line":89,"column":6},"end":{"line":89,"column":14}},"23":{"start":{"line":16,"column":13},"end":{"line":16,"column":28}},"24":{"start":{"line":16,"column":13},"end":{"line":92,"column":null}}},"fnMap":{"0":{"name":"(anonymous_11)","decl":{"start":{"line":17,"column":2},"end":{"line":17,"column":null}},"loc":{"start":{"line":19,"column":47},"end":{"line":20,"column":6}}},"1":{"name":"(anonymous_12)","decl":{"start":{"line":22,"column":2},"end":{"line":22,"column":7}},"loc":{"start":{"line":25,"column":3},"end":{"line":91,"column":3}}}},"branchMap":{"0":{"loc":{"start":{"line":26,"column":25},"end":{"line":26,"column":42}},"type":"binary-expr","locations":[{"start":{"line":26,"column":25},"end":{"line":26,"column":36}},{"start":{"line":26,"column":40},"end":{"line":26,"column":42}}]},"1":{"loc":{"start":{"line":29,"column":28},"end":{"line":29,"column":48}},"type":"binary-expr","locations":[{"start":{"line":29,"column":28},"end":{"line":29,"column":42}},{"start":{"line":29,"column":46},"end":{"line":29,"column":48}}]},"2":{"loc":{"start":{"line":83,"column":6},"end":{"line":88,"column":7}},"type":"if","locations":[{"start":{"line":83,"column":6},"end":{"line":88,"column":7}},{"start":{},"end":{}}]},"3":{"loc":{"start":{"line":18,"column":29},"end":{"line":18,"column":null}},"type":"cond-expr","locations":[{"start":{"line":18,"column":42},"end":{"line":18,"column":null}},{"start":{"line":18,"column":42},"end":{"line":18,"column":null}}]},"4":{"loc":{"start":{"line":18,"column":29},"end":{"line":18,"column":42}},"type":"binary-expr","locations":[{"start":{"line":18,"column":29},"end":{"line":18,"column":null}},{"start":{"line":18,"column":29},"end":{"line":18,"column":42}}]},"5":{"loc":{"start":{"line":18,"column":42},"end":{"line":19,"column":null}},"type":"cond-expr","locations":[{"start":{"line":19,"column":47},"end":{"line":19,"column":null}},{"start":{"line":19,"column":47},"end":{"line":19,"column":null}}]},"6":{"loc":{"start":{"line":18,"column":42},"end":{"line":19,"column":47}},"type":"binary-expr","locations":[{"start":{"line":18,"column":42},"end":{"line":19,"column":null}},{"start":{"line":19,"column":35},"end":{"line":19,"column":47}}]}},"s":{"0":6,"1":6,"2":6,"3":6,"4":6,"5":6,"6":9,"7":9,"8":5,"9":5,"10":5,"11":5,"12":5,"13":5,"14":5,"15":3,"16":3,"17":3,"18":3,"19":3,"20":2,"21":1,"22":1,"23":6,"24":6},"f":{"0":9,"1":5},"b":{"0":[5,1],"1":[5,1],"2":[1,1],"3":[6,0],"4":[6,6],"5":[6,0],"6":[6,6]}}
,"/app/src/modules/auth/presentation/auth.controller.ts": {"path":"/app/src/modules/auth/presentation/auth.controller.ts","statementMap":{"0":{"start":{"line":1,"column":0},"end":{"line":1,"column":61}},"1":{"start":{"line":2,"column":0},"end":{"line":2,"column":45}},"2":{"start":{"line":3,"column":0},"end":{"line":3,"column":67}},"3":{"start":{"line":4,"column":0},"end":{"line":4,"column":60}},"4":{"start":{"line":5,"column":0},"end":{"line":5,"column":43}},"5":{"start":{"line":6,"column":0},"end":{"line":6,"column":66}},"6":{"start":{"line":7,"column":0},"end":{"line":7,"column":49}},"7":{"start":{"line":8,"column":0},"end":{"line":8,"column":64}},"8":{"start":{"line":9,"column":0},"end":{"line":9,"column":47}},"9":{"start":{"line":10,"column":0},"end":{"line":10,"column":62}},"10":{"start":{"line":16,"column":7},"end":{"line":63,"column":null}},"11":{"start":{"line":18,"column":21},"end":{"line":18,"column":35}},"12":{"start":{"line":19,"column":21},"end":{"line":19,"column":38}},"13":{"start":{"line":20,"column":21},"end":{"line":20,"column":37}},"14":{"start":{"line":21,"column":21},"end":{"line":21,"column":36}},"15":{"start":{"line":32,"column":4},"end":{"line":32,"column":42}},"16":{"start":{"line":43,"column":4},"end":{"line":43,"column":45}},"17":{"start":{"line":53,"column":4},"end":{"line":53,"column":75}},"18":{"start":{"line":61,"column":4},"end":{"line":61,"column":67}},"19":{"start":{"line":16,"column":13},"end":{"line":16,"column":27}},"20":{"start":{"line":31,"column":8},"end":{"line":33,"column":null}},"21":{"start":{"line":42,"column":8},"end":{"line":44,"column":null}},"22":{"start":{"line":52,"column":8},"end":{"line":54,"column":null}},"23":{"start":{"line":60,"column":8},"end":{"line":62,"column":null}},"24":{"start":{"line":16,"column":13},"end":{"line":63,"column":null}}},"fnMap":{"0":{"name":"(anonymous_4)","decl":{"start":{"line":17,"column":2},"end":{"line":17,"column":null}},"loc":{"start":{"line":21,"column":49},"end":{"line":22,"column":6}}},"1":{"name":"(anonymous_5)","decl":{"start":{"line":31,"column":8},"end":{"line":31,"column":13}},"loc":{"start":{"line":31,"column":35},"end":{"line":33,"column":3}}},"2":{"name":"(anonymous_6)","decl":{"start":{"line":42,"column":8},"end":{"line":42,"column":16}},"loc":{"start":{"line":42,"column":41},"end":{"line":44,"column":3}}},"3":{"name":"(anonymous_7)","decl":{"start":{"line":52,"column":8},"end":{"line":52,"column":15}},"loc":{"start":{"line":52,"column":39},"end":{"line":54,"column":3}}},"4":{"name":"(anonymous_8)","decl":{"start":{"line":60,"column":8},"end":{"line":60,"column":14}},"loc":{"start":{"line":60,"column":54},"end":{"line":62,"column":3}}}},"branchMap":{"0":{"loc":{"start":{"line":31,"column":27},"end":{"line":31,"column":null}},"type":"cond-expr","locations":[{"start":{"line":31,"column":35},"end":{"line":31,"column":null}},{"start":{"line":31,"column":35},"end":{"line":31,"column":null}}]},"1":{"loc":{"start":{"line":31,"column":27},"end":{"line":31,"column":35}},"type":"binary-expr","locations":[{"start":{"line":31,"column":27},"end":{"line":31,"column":null}},{"start":{"line":31,"column":27},"end":{"line":31,"column":35}}]},"2":{"loc":{"start":{"line":42,"column":30},"end":{"line":42,"column":null}},"type":"cond-expr","locations":[{"start":{"line":42,"column":41},"end":{"line":42,"column":null}},{"start":{"line":42,"column":41},"end":{"line":42,"column":null}}]},"3":{"loc":{"start":{"line":42,"column":30},"end":{"line":42,"column":41}},"type":"binary-expr","locations":[{"start":{"line":42,"column":30},"end":{"line":42,"column":null}},{"start":{"line":42,"column":30},"end":{"line":42,"column":41}}]},"4":{"loc":{"start":{"line":52,"column":29},"end":{"line":52,"column":null}},"type":"cond-expr","locations":[{"start":{"line":52,"column":39},"end":{"line":52,"column":null}},{"start":{"line":52,"column":39},"end":{"line":52,"column":null}}]},"5":{"loc":{"start":{"line":52,"column":29},"end":{"line":52,"column":39}},"type":"binary-expr","locations":[{"start":{"line":52,"column":29},"end":{"line":52,"column":null}},{"start":{"line":52,"column":29},"end":{"line":52,"column":39}}]},"6":{"loc":{"start":{"line":18,"column":35},"end":{"line":18,"column":null}},"type":"cond-expr","locations":[{"start":{"line":18,"column":47},"end":{"line":18,"column":null}},{"start":{"line":18,"column":47},"end":{"line":18,"column":null}}]},"7":{"loc":{"start":{"line":18,"column":35},"end":{"line":18,"column":47}},"type":"binary-expr","locations":[{"start":{"line":18,"column":35},"end":{"line":18,"column":null}},{"start":{"line":18,"column":35},"end":{"line":18,"column":47}}]},"8":{"loc":{"start":{"line":18,"column":47},"end":{"line":19,"column":null}},"type":"cond-expr","locations":[{"start":{"line":19,"column":53},"end":{"line":19,"column":null}},{"start":{"line":19,"column":53},"end":{"line":19,"column":null}}]},"9":{"loc":{"start":{"line":18,"column":47},"end":{"line":19,"column":53}},"type":"binary-expr","locations":[{"start":{"line":18,"column":47},"end":{"line":19,"column":null}},{"start":{"line":19,"column":38},"end":{"line":19,"column":53}}]},"10":{"loc":{"start":{"line":19,"column":53},"end":{"line":20,"column":null}},"type":"cond-expr","locations":[{"start":{"line":20,"column":51},"end":{"line":20,"column":null}},{"start":{"line":20,"column":51},"end":{"line":20,"column":null}}]},"11":{"loc":{"start":{"line":19,"column":53},"end":{"line":20,"column":51}},"type":"binary-expr","locations":[{"start":{"line":19,"column":53},"end":{"line":20,"column":null}},{"start":{"line":20,"column":37},"end":{"line":20,"column":51}}]},"12":{"loc":{"start":{"line":20,"column":51},"end":{"line":21,"column":null}},"type":"cond-expr","locations":[{"start":{"line":21,"column":49},"end":{"line":21,"column":null}},{"start":{"line":21,"column":49},"end":{"line":21,"column":null}}]},"13":{"loc":{"start":{"line":20,"column":51},"end":{"line":21,"column":49}},"type":"binary-expr","locations":[{"start":{"line":20,"column":51},"end":{"line":21,"column":null}},{"start":{"line":21,"column":36},"end":{"line":21,"column":49}}]}},"s":{"0":5,"1":5,"2":5,"3":5,"4":5,"5":5,"6":5,"7":5,"8":5,"9":5,"10":5,"11":6,"12":6,"13":6,"14":6,"15":1,"16":2,"17":1,"18":1,"19":5,"20":5,"21":5,"22":5,"23":5,"24":5},"f":{"0":6,"1":1,"2":2,"3":1,"4":1},"b":{"0":[5,0],"1":[5,5],"2":[5,0],"3":[5,5],"4":[5,0],"5":[5,5],"6":[5,0],"7":[5,5],"8":[5,0],"9":[5,5],"10":[5,0],"11":[5,5],"12":[5,0],"13":[5,5]}}
,"/app/src/modules/auth/presentation/dto/login.dto.ts": {"path":"/app/src/modules/auth/presentation/dto/login.dto.ts","statementMap":{"0":{"start":{"line":1,"column":0},"end":{"line":1,"column":63}},"1":{"start":{"line":6,"column":0},"end":{"line":6,"column":13}},"2":{"start":{"line":8,"column":2},"end":{"line":8,"column":null}},"3":{"start":{"line":12,"column":2},"end":{"line":12,"column":null}}},"fnMap":{},"branchMap":{},"s":{"0":5,"1":5,"2":5,"3":5},"f":{},"b":{}}
,"/app/src/modules/auth/presentation/dto/refresh.dto.ts": {"path":"/app/src/modules/auth/presentation/dto/refresh.dto.ts","statementMap":{"0":{"start":{"line":1,"column":0},"end":{"line":1,"column":54}},"1":{"start":{"line":6,"column":0},"end":{"line":6,"column":13}},"2":{"start":{"line":9,"column":2},"end":{"line":9,"column":null}}},"fnMap":{},"branchMap":{},"s":{"0":5,"1":5,"2":5},"f":{},"b":{}}
,"/app/src/modules/auth/presentation/dto/register.dto.ts": {"path":"/app/src/modules/auth/presentation/dto/register.dto.ts","statementMap":{"0":{"start":{"line":1,"column":0},"end":{"line":1,"column":null}},"1":{"start":{"line":12,"column":0},"end":{"line":12,"column":13}},"2":{"start":{"line":14,"column":2},"end":{"line":14,"column":null}},"3":{"start":{"line":31,"column":2},"end":{"line":31,"column":null}}},"fnMap":{},"branchMap":{},"s":{"0":5,"1":5,"2":5,"3":5},"f":{},"b":{}}
,"/app/src/modules/permissions/permissions.module.ts": {"path":"/app/src/modules/permissions/permissions.module.ts","statementMap":{"0":{"start":{"line":1,"column":0},"end":{"line":1,"column":40}},"1":{"start":{"line":2,"column":0},"end":{"line":2,"column":82}},"2":{"start":{"line":3,"column":0},"end":{"line":3,"column":74}},"3":{"start":{"line":4,"column":0},"end":{"line":4,"column":78}},"4":{"start":{"line":5,"column":0},"end":{"line":5,"column":76}},"5":{"start":{"line":18,"column":7},"end":{"line":18,"column":null}},"6":{"start":{"line":18,"column":13},"end":{"line":18,"column":30}},"7":{"start":{"line":18,"column":13},"end":{"line":18,"column":null}}},"fnMap":{},"branchMap":{},"s":{"0":4,"1":4,"2":4,"3":4,"4":4,"5":4,"6":4,"7":4},"f":{},"b":{}}
,"/app/src/modules/permissions/application/assign-permission.usecase.ts": {"path":"/app/src/modules/permissions/application/assign-permission.usecase.ts","statementMap":{"0":{"start":{"line":1,"column":0},"end":{"line":1,"column":65}},"1":{"start":{"line":2,"column":0},"end":{"line":2,"column":70}},"2":{"start":{"line":3,"column":0},"end":{"line":3,"column":76}},"3":{"start":{"line":4,"column":0},"end":{"line":4,"column":64}},"4":{"start":{"line":14,"column":7},"end":{"line":86,"column":null}},"5":{"start":{"line":15,"column":31},"end":{"line":15,"column":39}},"6":{"start":{"line":28,"column":19},"end":{"line":28,"column":39}},"7":{"start":{"line":29,"column":21},"end":{"line":29,"column":54}},"8":{"start":{"line":30,"column":19},"end":{"line":32,"column":20}},"9":{"start":{"line":34,"column":4},"end":{"line":40,"column":5}},"10":{"start":{"line":35,"column":6},"end":{"line":39,"column":9}},"11":{"start":{"line":42,"column":17},"end":{"line":42,"column":77}},"12":{"start":{"line":43,"column":4},"end":{"line":48,"column":5}},"13":{"start":{"line":44,"column":6},"end":{"line":47,"column":9}},"14":{"start":{"line":50,"column":4},"end":{"line":84,"column":5}},"15":{"start":{"line":51,"column":21},"end":{"line":66,"column":8}},"16":{"start":{"line":52,"column":27},"end":{"line":54,"column":10}},"17":{"start":{"line":56,"column":8},"end":{"line":63,"column":11}},"18":{"start":{"line":65,"column":8},"end":{"line":65,"column":26}},"19":{"start":{"line":68,"column":6},"end":{"line":73,"column":8}},"20":{"start":{"line":76,"column":6},"end":{"line":82,"column":7}},"21":{"start":{"line":77,"column":8},"end":{"line":81,"column":11}},"22":{"start":{"line":83,"column":6},"end":{"line":83,"column":14}},"23":{"start":{"line":14,"column":13},"end":{"line":14,"column":36}},"24":{"start":{"line":14,"column":13},"end":{"line":86,"column":null}}},"fnMap":{"0":{"name":"(anonymous_2)","decl":{"start":{"line":15,"column":2},"end":{"line":15,"column":31}},"loc":{"start":{"line":15,"column":52},"end":{"line":15,"column":56}}},"1":{"name":"(anonymous_3)","decl":{"start":{"line":17,"column":2},"end":{"line":17,"column":7}},"loc":{"start":{"line":22,"column":3},"end":{"line":85,"column":3}}},"2":{"name":"(anonymous_4)","decl":{"start":{"line":51,"column":52},"end":{"line":51,"column":57}},"loc":{"start":{"line":51,"column":70},"end":{"line":66,"column":7}}}},"branchMap":{"0":{"loc":{"start":{"line":30,"column":26},"end":{"line":30,"column":44}},"type":"binary-expr","locations":[{"start":{"line":30,"column":26},"end":{"line":30,"column":38}},{"start":{"line":30,"column":42},"end":{"line":30,"column":44}}]},"1":{"loc":{"start":{"line":34,"column":4},"end":{"line":40,"column":5}},"type":"if","locations":[{"start":{"line":34,"column":4},"end":{"line":40,"column":5}},{"start":{},"end":{}}]},"2":{"loc":{"start":{"line":43,"column":4},"end":{"line":48,"column":5}},"type":"if","locations":[{"start":{"line":43,"column":4},"end":{"line":48,"column":5}},{"start":{},"end":{}}]},"3":{"loc":{"start":{"line":76,"column":6},"end":{"line":82,"column":7}},"type":"if","locations":[{"start":{"line":76,"column":6},"end":{"line":82,"column":7}},{"start":{},"end":{}}]},"4":{"loc":{"start":{"line":15,"column":39},"end":{"line":15,"column":55}},"type":"cond-expr","locations":[{"start":{"line":15,"column":52},"end":{"line":15,"column":55}},{"start":{"line":15,"column":52},"end":{"line":15,"column":55}}]},"5":{"loc":{"start":{"line":15,"column":39},"end":{"line":15,"column":52}},"type":"binary-expr","locations":[{"start":{"line":15,"column":39},"end":{"line":15,"column":55}},{"start":{"line":15,"column":39},"end":{"line":15,"column":52}}]}},"s":{"0":6,"1":6,"2":6,"3":6,"4":6,"5":11,"6":6,"7":6,"8":6,"9":6,"10":2,"11":4,"12":4,"13":1,"14":3,"15":3,"16":1,"17":1,"18":1,"19":1,"20":2,"21":1,"22":1,"23":6,"24":6},"f":{"0":11,"1":6,"2":1},"b":{"0":[6,1],"1":[2,4],"2":[1,3],"3":[1,1],"4":[6,0],"5":[6,6]}}
,"/app/src/modules/permissions/presentation/dashboard.controller.ts": {"path":"/app/src/modules/permissions/presentation/dashboard.controller.ts","statementMap":{"0":{"start":{"line":1,"column":0},"end":{"line":1,"column":49}},"1":{"start":{"line":2,"column":0},"end":{"line":2,"column":64}},"2":{"start":{"line":9,"column":7},"end":{"line":14,"column":null}},"3":{"start":{"line":12,"column":4},"end":{"line":12,"column":66}},"4":{"start":{"line":9,"column":13},"end":{"line":9,"column":32}},"5":{"start":{"line":11,"column":2},"end":{"line":13,"column":null}},"6":{"start":{"line":9,"column":13},"end":{"line":14,"column":null}}},"fnMap":{"0":{"name":"(anonymous_2)","decl":{"start":{"line":11,"column":2},"end":{"line":11,"column":14}},"loc":{"start":{"line":11,"column":14},"end":{"line":13,"column":3}}}},"branchMap":{},"s":{"0":5,"1":5,"2":5,"3":3,"4":5,"5":5,"6":5},"f":{"0":3},"b":{}}
,"/app/src/modules/permissions/presentation/permissions.controller.ts": {"path":"/app/src/modules/permissions/presentation/permissions.controller.ts","statementMap":{"0":{"start":{"line":1,"column":0},"end":{"line":1,"column":61}},"1":{"start":{"line":2,"column":0},"end":{"line":2,"column":74}},"2":{"start":{"line":3,"column":0},"end":{"line":3,"column":83}},"3":{"start":{"line":4,"column":0},"end":{"line":4,"column":66}},"4":{"start":{"line":10,"column":7},"end":{"line":27,"column":null}},"5":{"start":{"line":11,"column":31},"end":{"line":11,"column":49}},"6":{"start":{"line":20,"column":4},"end":{"line":25,"column":7}},"7":{"start":{"line":10,"column":13},"end":{"line":10,"column":34}},"8":{"start":{"line":19,"column":8},"end":{"line":26,"column":null}},"9":{"start":{"line":10,"column":13},"end":{"line":27,"column":null}}},"fnMap":{"0":{"name":"(anonymous_4)","decl":{"start":{"line":11,"column":2},"end":{"line":11,"column":31}},"loc":{"start":{"line":11,"column":72},"end":{"line":11,"column":76}}},"1":{"name":"(anonymous_5)","decl":{"start":{"line":19,"column":8},"end":{"line":19,"column":14}},"loc":{"start":{"line":19,"column":64},"end":{"line":26,"column":3}}}},"branchMap":{"0":{"loc":{"start":{"line":19,"column":28},"end":{"line":19,"column":50}},"type":"cond-expr","locations":[{"start":{"line":19,"column":47},"end":{"line":19,"column":50}},{"start":{"line":19,"column":47},"end":{"line":19,"column":50}}]},"1":{"loc":{"start":{"line":19,"column":28},"end":{"line":19,"column":47}},"type":"binary-expr","locations":[{"start":{"line":19,"column":28},"end":{"line":19,"column":50}},{"start":{"line":19,"column":28},"end":{"line":19,"column":47}}]},"2":{"loc":{"start":{"line":11,"column":49},"end":{"line":11,"column":75}},"type":"cond-expr","locations":[{"start":{"line":11,"column":72},"end":{"line":11,"column":75}},{"start":{"line":11,"column":72},"end":{"line":11,"column":75}}]},"3":{"loc":{"start":{"line":11,"column":49},"end":{"line":11,"column":72}},"type":"binary-expr","locations":[{"start":{"line":11,"column":49},"end":{"line":11,"column":75}},{"start":{"line":11,"column":49},"end":{"line":11,"column":72}}]}},"s":{"0":5,"1":5,"2":5,"3":5,"4":5,"5":6,"6":1,"7":5,"8":5,"9":5},"f":{"0":6,"1":1},"b":{"0":[5,0],"1":[5,5],"2":[5,0],"3":[5,5]}}
,"/app/src/modules/permissions/presentation/relatorios.controller.ts": {"path":"/app/src/modules/permissions/presentation/relatorios.controller.ts","statementMap":{"0":{"start":{"line":1,"column":0},"end":{"line":1,"column":49}},"1":{"start":{"line":2,"column":0},"end":{"line":2,"column":64}},"2":{"start":{"line":9,"column":7},"end":{"line":14,"column":null}},"3":{"start":{"line":12,"column":4},"end":{"line":12,"column":67}},"4":{"start":{"line":9,"column":13},"end":{"line":9,"column":33}},"5":{"start":{"line":11,"column":2},"end":{"line":13,"column":null}},"6":{"start":{"line":9,"column":13},"end":{"line":14,"column":null}}},"fnMap":{"0":{"name":"(anonymous_2)","decl":{"start":{"line":11,"column":2},"end":{"line":11,"column":15}},"loc":{"start":{"line":11,"column":15},"end":{"line":13,"column":3}}}},"branchMap":{},"s":{"0":5,"1":5,"2":5,"3":1,"4":5,"5":5,"6":5},"f":{"0":1},"b":{}}
,"/app/src/modules/permissions/presentation/dto/assign-permission.dto.ts": {"path":"/app/src/modules/permissions/presentation/dto/assign-permission.dto.ts","statementMap":{"0":{"start":{"line":1,"column":0},"end":{"line":1,"column":66}},"1":{"start":{"line":6,"column":0},"end":{"line":6,"column":13}},"2":{"start":{"line":9,"column":2},"end":{"line":9,"column":null}},"3":{"start":{"line":13,"column":2},"end":{"line":13,"column":null}},"4":{"start":{"line":17,"column":2},"end":{"line":17,"column":null}}},"fnMap":{},"branchMap":{},"s":{"0":5,"1":5,"2":5,"3":5,"4":5},"f":{},"b":{}}
,"/app/src/shared/http/api-exception.filter.ts": {"path":"/app/src/shared/http/api-exception.filter.ts","statementMap":{"0":{"start":{"line":1,"column":0},"end":{"line":1,"column":null}},"1":{"start":{"line":9,"column":0},"end":{"line":9,"column":45}},"2":{"start":{"line":25,"column":7},"end":{"line":85,"column":null}},"3":{"start":{"line":27,"column":16},"end":{"line":27,"column":35}},"4":{"start":{"line":28,"column":16},"end":{"line":28,"column":43}},"5":{"start":{"line":30,"column":4},"end":{"line":36,"column":5}},"6":{"start":{"line":31,"column":21},"end":{"line":31,"column":42}},"7":{"start":{"line":32,"column":23},"end":{"line":32,"column":46}},"8":{"start":{"line":34,"column":19},"end":{"line":34,"column":68}},"9":{"start":{"line":35,"column":6},"end":{"line":35,"column":43}},"10":{"start":{"line":38,"column":31},"end":{"line":44,"column":6}},"11":{"start":{"line":45,"column":4},"end":{"line":45,"column":67}},"12":{"start":{"line":53,"column":6},"end":{"line":59,"column":21}},"13":{"start":{"line":61,"column":4},"end":{"line":66,"column":5}},"14":{"start":{"line":62,"column":6},"end":{"line":65,"column":8}},"15":{"start":{"line":68,"column":20},"end":{"line":68,"column":35}},"16":{"start":{"line":70,"column":6},"end":{"line":74,"column":18}},"17":{"start":{"line":76,"column":4},"end":{"line":83,"column":6}},"18":{"start":{"line":25,"column":13},"end":{"line":25,"column":31}},"19":{"start":{"line":25,"column":13},"end":{"line":85,"column":null}}},"fnMap":{"0":{"name":"(anonymous_1)","decl":{"start":{"line":26,"column":2},"end":{"line":26,"column":7}},"loc":{"start":{"line":26,"column":47},"end":{"line":46,"column":3}}},"1":{"name":"(anonymous_2)","decl":{"start":{"line":48,"column":10},"end":{"line":48,"column":36}},"loc":{"start":{"line":50,"column":29},"end":{"line":84,"column":3}}}},"branchMap":{"0":{"loc":{"start":{"line":30,"column":4},"end":{"line":36,"column":5}},"type":"if","locations":[{"start":{"line":30,"column":4},"end":{"line":36,"column":5}},{"start":{},"end":{}}]},"1":{"loc":{"start":{"line":53,"column":6},"end":{"line":59,"column":21}},"type":"cond-expr","locations":[{"start":{"line":54,"column":10},"end":{"line":54,"column":24}},{"start":{"line":55,"column":10},"end":{"line":59,"column":21}}]},"2":{"loc":{"start":{"line":55,"column":10},"end":{"line":59,"column":21}},"type":"cond-expr","locations":[{"start":{"line":56,"column":12},"end":{"line":56,"column":23}},{"start":{"line":57,"column":12},"end":{"line":59,"column":21}}]},"3":{"loc":{"start":{"line":57,"column":12},"end":{"line":59,"column":21}},"type":"cond-expr","locations":[{"start":{"line":58,"column":14},"end":{"line":58,"column":27}},{"start":{"line":59,"column":14},"end":{"line":59,"column":21}}]},"4":{"loc":{"start":{"line":61,"column":4},"end":{"line":66,"column":5}},"type":"if","locations":[{"start":{"line":61,"column":4},"end":{"line":66,"column":5}},{"start":{},"end":{}}]},"5":{"loc":{"start":{"line":70,"column":6},"end":{"line":74,"column":18}},"type":"cond-expr","locations":[{"start":{"line":71,"column":10},"end":{"line":71,"column":25}},{"start":{"line":72,"column":10},"end":{"line":74,"column":18}}]},"6":{"loc":{"start":{"line":72,"column":10},"end":{"line":74,"column":18}},"type":"cond-expr","locations":[{"start":{"line":73,"column":12},"end":{"line":73,"column":38}},{"start":{"line":74,"column":12},"end":{"line":74,"column":18}}]},"7":{"loc":{"start":{"line":79,"column":14},"end":{"line":79,"column":42}},"type":"binary-expr","locations":[{"start":{"line":79,"column":14},"end":{"line":79,"column":27}},{"start":{"line":79,"column":31},"end":{"line":79,"column":42}}]}},"s":{"0":5,"1":5,"2":5,"3":9,"4":9,"5":9,"6":8,"7":8,"8":8,"9":8,"10":1,"11":1,"12":8,"13":8,"14":1,"15":7,"16":7,"17":7,"18":5,"19":5},"f":{"0":9,"1":8},"b":{"0":[8,1],"1":[2,6],"2":[3,3],"3":[2,1],"4":[1,7],"5":[4,3],"6":[2,1],"7":[7,3]}}
,"/app/src/shared/http/api-messages.ts": {"path":"/app/src/shared/http/api-messages.ts","statementMap":{"0":{"start":{"line":5,"column":13},"end":{"line":31,"column":11}}},"fnMap":{},"branchMap":{},"s":{"0":11},"f":{},"b":{}}
,"/app/src/shared/http/api-response.interceptor.ts": {"path":"/app/src/shared/http/api-response.interceptor.ts","statementMap":{"0":{"start":{"line":1,"column":0},"end":{"line":1,"column":null}},"1":{"start":{"line":8,"column":0},"end":{"line":8,"column":37}},"2":{"start":{"line":15,"column":7},"end":{"line":19,"column":null}},"3":{"start":{"line":17,"column":4},"end":{"line":17,"column":72}},"4":{"start":{"line":17,"column":45},"end":{"line":17,"column":68}},"5":{"start":{"line":15,"column":13},"end":{"line":15,"column":35}},"6":{"start":{"line":15,"column":13},"end":{"line":19,"column":null}}},"fnMap":{"0":{"name":"(anonymous_1)","decl":{"start":{"line":16,"column":2},"end":{"line":16,"column":11}},"loc":{"start":{"line":16,"column":57},"end":{"line":18,"column":3}}},"1":{"name":"(anonymous_2)","decl":{"start":{"line":17,"column":34},"end":{"line":17,"column":35}},"loc":{"start":{"line":17,"column":45},"end":{"line":17,"column":68}}}},"branchMap":{},"s":{"0":5,"1":5,"2":5,"3":5,"4":4,"5":5,"6":5},"f":{"0":5,"1":4},"b":{}}
,"/app/src/shared/prisma/prisma.module.ts": {"path":"/app/src/shared/prisma/prisma.module.ts","statementMap":{"0":{"start":{"line":1,"column":0},"end":{"line":1,"column":48}},"1":{"start":{"line":2,"column":0},"end":{"line":2,"column":49}},"2":{"start":{"line":12,"column":7},"end":{"line":12,"column":null}},"3":{"start":{"line":12,"column":13},"end":{"line":12,"column":25}},"4":{"start":{"line":12,"column":13},"end":{"line":12,"column":null}}},"fnMap":{},"branchMap":{},"s":{"0":4,"1":4,"2":4,"3":4,"4":4},"f":{},"b":{}}
,"/app/src/shared/prisma/prisma.service.ts": {"path":"/app/src/shared/prisma/prisma.service.ts","statementMap":{"0":{"start":{"line":1,"column":0},"end":{"line":1,"column":76}},"1":{"start":{"line":2,"column":25},"end":{"line":2,"column":50}},"2":{"start":{"line":8,"column":7},"end":{"line":22,"column":null}},"3":{"start":{"line":10,"column":4},"end":{"line":10,"column":26}},"4":{"start":{"line":18,"column":4},"end":{"line":20,"column":7}},"5":{"start":{"line":19,"column":6},"end":{"line":19,"column":23}},"6":{"start":{"line":8,"column":13},"end":{"line":8,"column":26}},"7":{"start":{"line":8,"column":13},"end":{"line":22,"column":null}}},"fnMap":{"0":{"name":"(anonymous_1)","decl":{"start":{"line":9,"column":2},"end":{"line":9,"column":7}},"loc":{"start":{"line":9,"column":20},"end":{"line":11,"column":3}}},"1":{"name":"(anonymous_2)","decl":{"start":{"line":17,"column":2},"end":{"line":17,"column":21}},"loc":{"start":{"line":17,"column":43},"end":{"line":21,"column":3}}},"2":{"name":"(anonymous_3)","decl":{"start":{"line":18,"column":29},"end":{"line":18,"column":32}},"loc":{"start":{"line":18,"column":34},"end":{"line":20,"column":5}}}},"branchMap":{},"s":{"0":9,"1":9,"2":9,"3":2,"4":1,"5":1,"6":9,"7":9},"f":{"0":2,"1":1,"2":1},"b":{}}
,"/app/src/shared/security/admin-only.decorator.ts": {"path":"/app/src/shared/security/admin-only.decorator.ts","statementMap":{"0":{"start":{"line":1,"column":0},"end":{"line":1,"column":45}},"1":{"start":{"line":2,"column":0},"end":{"line":2,"column":54}},"2":{"start":{"line":7,"column":25},"end":{"line":7,"column":64}},"3":{"start":{"line":7,"column":31},"end":{"line":7,"column":64}},"4":{"start":{"line":7,"column":13},"end":{"line":7,"column":25}}},"fnMap":{"0":{"name":"(anonymous_0)","decl":{"start":{"line":7,"column":25},"end":{"line":7,"column":28}},"loc":{"start":{"line":7,"column":31},"end":{"line":7,"column":64}}}},"branchMap":{},"s":{"0":6,"1":6,"2":6,"3":6,"4":6},"f":{"0":6},"b":{}}
,"/app/src/shared/security/jwe-auth.guard.ts": {"path":"/app/src/shared/security/jwe-auth.guard.ts","statementMap":{"0":{"start":{"line":1,"column":0},"end":{"line":1,"column":null}},"1":{"start":{"line":7,"column":0},"end":{"line":7,"column":41}},"2":{"start":{"line":8,"column":0},"end":{"line":8,"column":47}},"3":{"start":{"line":9,"column":0},"end":{"line":9,"column":53}},"4":{"start":{"line":10,"column":0},"end":{"line":10,"column":51}},"5":{"start":{"line":19,"column":7},"end":{"line":65,"column":null}},"6":{"start":{"line":21,"column":21},"end":{"line":21,"column":32}},"7":{"start":{"line":22,"column":21},"end":{"line":22,"column":35}},"8":{"start":{"line":26,"column":21},"end":{"line":29,"column":6}},"9":{"start":{"line":30,"column":4},"end":{"line":30,"column":30}},"10":{"start":{"line":30,"column":18},"end":{"line":30,"column":30}},"11":{"start":{"line":32,"column":16},"end":{"line":32,"column":51}},"12":{"start":{"line":33,"column":17},"end":{"line":33,"column":57}},"13":{"start":{"line":34,"column":26},"end":{"line":34,"column":41}},"14":{"start":{"line":36,"column":4},"end":{"line":41,"column":5}},"15":{"start":{"line":37,"column":6},"end":{"line":40,"column":9}},"16":{"start":{"line":43,"column":4},"end":{"line":63,"column":5}},"17":{"start":{"line":44,"column":23},"end":{"line":44,"column":60}},"18":{"start":{"line":45,"column":6},"end":{"line":47,"column":7}},"19":{"start":{"line":46,"column":8},"end":{"line":46,"column":46}},"20":{"start":{"line":49,"column":22},"end":{"line":49,"column":38}},"21":{"start":{"line":50,"column":6},"end":{"line":56,"column":8}},"22":{"start":{"line":57,"column":6},"end":{"line":57,"column":18}},"23":{"start":{"line":59,"column":6},"end":{"line":62,"column":9}},"24":{"start":{"line":19,"column":13},"end":{"line":19,"column":25}},"25":{"start":{"line":19,"column":13},"end":{"line":65,"column":null}}},"fnMap":{"0":{"name":"(anonymous_2)","decl":{"start":{"line":20,"column":2},"end":{"line":20,"column":null}},"loc":{"start":{"line":22,"column":47},"end":{"line":23,"column":6}}},"1":{"name":"(anonymous_3)","decl":{"start":{"line":25,"column":2},"end":{"line":25,"column":7}},"loc":{"start":{"line":25,"column":45},"end":{"line":64,"column":3}}}},"branchMap":{"0":{"loc":{"start":{"line":30,"column":4},"end":{"line":30,"column":30}},"type":"if","locations":[{"start":{"line":30,"column":4},"end":{"line":30,"column":30}},{"start":{},"end":{}}]},"1":{"loc":{"start":{"line":33,"column":24},"end":{"line":33,"column":56}},"type":"binary-expr","locations":[{"start":{"line":33,"column":24},"end":{"line":33,"column":50}},{"start":{"line":33,"column":54},"end":{"line":33,"column":56}}]},"2":{"loc":{"start":{"line":36,"column":4},"end":{"line":41,"column":5}},"type":"if","locations":[{"start":{"line":36,"column":4},"end":{"line":41,"column":5}},{"start":{},"end":{}}]},"3":{"loc":{"start":{"line":36,"column":8},"end":{"line":36,"column":35}},"type":"binary-expr","locations":[{"start":{"line":36,"column":8},"end":{"line":36,"column":25}},{"start":{"line":36,"column":29},"end":{"line":36,"column":35}}]},"4":{"loc":{"start":{"line":45,"column":6},"end":{"line":47,"column":7}},"type":"if","locations":[{"start":{"line":45,"column":6},"end":{"line":47,"column":7}},{"start":{},"end":{}}]},"5":{"loc":{"start":{"line":21,"column":32},"end":{"line":21,"column":null}},"type":"cond-expr","locations":[{"start":{"line":21,"column":41},"end":{"line":21,"column":null}},{"start":{"line":21,"column":41},"end":{"line":21,"column":null}}]},"6":{"loc":{"start":{"line":21,"column":32},"end":{"line":21,"column":41}},"type":"binary-expr","locations":[{"start":{"line":21,"column":32},"end":{"line":21,"column":null}},{"start":{"line":21,"column":32},"end":{"line":21,"column":41}}]},"7":{"loc":{"start":{"line":21,"column":41},"end":{"line":22,"column":null}},"type":"cond-expr","locations":[{"start":{"line":22,"column":47},"end":{"line":22,"column":null}},{"start":{"line":22,"column":47},"end":{"line":22,"column":null}}]},"8":{"loc":{"start":{"line":21,"column":41},"end":{"line":22,"column":47}},"type":"binary-expr","locations":[{"start":{"line":21,"column":41},"end":{"line":22,"column":null}},{"start":{"line":22,"column":35},"end":{"line":22,"column":47}}]}},"s":{"0":5,"1":5,"2":5,"3":5,"4":5,"5":5,"6":12,"7":12,"8":14,"9":14,"10":3,"11":11,"12":11,"13":11,"14":11,"15":4,"16":7,"17":7,"18":6,"19":1,"20":5,"21":5,"22":5,"23":2,"24":5,"25":5},"f":{"0":12,"1":14},"b":{"0":[3,11],"1":[11,2],"2":[4,7],"3":[11,8],"4":[1,5],"5":[3,2],"6":[5,3],"7":[5,0],"8":[5,5]}}
,"/app/src/shared/security/permissions.guard.ts": {"path":"/app/src/shared/security/permissions.guard.ts","statementMap":{"0":{"start":{"line":1,"column":0},"end":{"line":1,"column":null}},"1":{"start":{"line":7,"column":0},"end":{"line":7,"column":41}},"2":{"start":{"line":8,"column":0},"end":{"line":8,"column":57}},"3":{"start":{"line":9,"column":0},"end":{"line":9,"column":51}},"4":{"start":{"line":10,"column":0},"end":{"line":10,"column":69}},"5":{"start":{"line":11,"column":0},"end":{"line":11,"column":62}},"6":{"start":{"line":20,"column":7},"end":{"line":121,"column":null}},"7":{"start":{"line":22,"column":21},"end":{"line":22,"column":32}},"8":{"start":{"line":23,"column":21},"end":{"line":23,"column":29}},"9":{"start":{"line":27,"column":21},"end":{"line":30,"column":6}},"10":{"start":{"line":31,"column":4},"end":{"line":31,"column":30}},"11":{"start":{"line":31,"column":18},"end":{"line":31,"column":30}},"12":{"start":{"line":33,"column":16},"end":{"line":33,"column":51}},"13":{"start":{"line":34,"column":17},"end":{"line":34,"column":25}},"14":{"start":{"line":36,"column":31},"end":{"line":39,"column":6}},"15":{"start":{"line":41,"column":19},"end":{"line":41,"column":39}},"16":{"start":{"line":42,"column":4},"end":{"line":44,"column":5}},"17":{"start":{"line":43,"column":6},"end":{"line":43,"column":51}},"18":{"start":{"line":46,"column":19},"end":{"line":55,"column":6}},"19":{"start":{"line":57,"column":4},"end":{"line":59,"column":5}},"20":{"start":{"line":58,"column":6},"end":{"line":58,"column":51}},"21":{"start":{"line":61,"column":4},"end":{"line":63,"column":5}},"22":{"start":{"line":62,"column":6},"end":{"line":62,"column":51}},"23":{"start":{"line":67,"column":4},"end":{"line":69,"column":5}},"24":{"start":{"line":68,"column":6},"end":{"line":68,"column":51}},"25":{"start":{"line":71,"column":4},"end":{"line":71,"column":36}},"26":{"start":{"line":72,"column":4},"end":{"line":72,"column":41}},"27":{"start":{"line":74,"column":22},"end":{"line":76,"column":null}},"28":{"start":{"line":79,"column":4},"end":{"line":81,"column":5}},"29":{"start":{"line":80,"column":6},"end":{"line":80,"column":51}},"30":{"start":{"line":83,"column":19},"end":{"line":83,"column":32}},"31":{"start":{"line":85,"column":28},"end":{"line":89,"column":6}},"32":{"start":{"line":91,"column":20},"end":{"line":98,"column":null}},"33":{"start":{"line":94,"column":10},"end":{"line":94,"column":74}},"34":{"start":{"line":96,"column":10},"end":{"line":96,"column":68}},"35":{"start":{"line":97,"column":8},"end":{"line":97,"column":38}},"36":{"start":{"line":101,"column":4},"end":{"line":103,"column":5}},"37":{"start":{"line":102,"column":6},"end":{"line":102,"column":64}},"38":{"start":{"line":105,"column":4},"end":{"line":105,"column":16}},"39":{"start":{"line":112,"column":4},"end":{"line":119,"column":7}},"40":{"start":{"line":20,"column":13},"end":{"line":20,"column":29}},"41":{"start":{"line":20,"column":13},"end":{"line":121,"column":null}}},"fnMap":{"0":{"name":"(anonymous_2)","decl":{"start":{"line":21,"column":2},"end":{"line":21,"column":null}},"loc":{"start":{"line":23,"column":42},"end":{"line":24,"column":6}}},"1":{"name":"(anonymous_3)","decl":{"start":{"line":26,"column":2},"end":{"line":26,"column":7}},"loc":{"start":{"line":26,"column":45},"end":{"line":106,"column":3}}},"2":{"name":"(anonymous_4)","decl":{"start":{"line":92,"column":6},"end":{"line":92,"column":7}},"loc":{"start":{"line":92,"column":50},"end":{"line":98,"column":7}}},"3":{"name":"(anonymous_5)","decl":{"start":{"line":108,"column":10},"end":{"line":108,"column":19}},"loc":{"start":{"line":110,"column":64},"end":{"line":120,"column":3}}}},"branchMap":{"0":{"loc":{"start":{"line":31,"column":4},"end":{"line":31,"column":30}},"type":"if","locations":[{"start":{"line":31,"column":4},"end":{"line":31,"column":30}},{"start":{},"end":{}}]},"1":{"loc":{"start":{"line":38,"column":21},"end":{"line":38,"column":37}},"type":"binary-expr","locations":[{"start":{"line":38,"column":21},"end":{"line":38,"column":31}},{"start":{"line":38,"column":35},"end":{"line":38,"column":37}}]},"2":{"loc":{"start":{"line":42,"column":4},"end":{"line":44,"column":5}},"type":"if","locations":[{"start":{"line":42,"column":4},"end":{"line":44,"column":5}},{"start":{},"end":{}}]},"3":{"loc":{"start":{"line":57,"column":4},"end":{"line":59,"column":5}},"type":"if","locations":[{"start":{"line":57,"column":4},"end":{"line":59,"column":5}},{"start":{},"end":{}}]},"4":{"loc":{"start":{"line":61,"column":4},"end":{"line":63,"column":5}},"type":"if","locations":[{"start":{"line":61,"column":4},"end":{"line":63,"column":5}},{"start":{},"end":{}}]},"5":{"loc":{"start":{"line":67,"column":4},"end":{"line":69,"column":5}},"type":"if","locations":[{"start":{"line":67,"column":4},"end":{"line":69,"column":5}},{"start":{},"end":{}}]},"6":{"loc":{"start":{"line":79,"column":4},"end":{"line":81,"column":5}},"type":"if","locations":[{"start":{"line":79,"column":4},"end":{"line":81,"column":5}},{"start":{},"end":{}}]},"7":{"loc":{"start":{"line":79,"column":8},"end":{"line":79,"column":49}},"type":"binary-expr","locations":[{"start":{"line":79,"column":8},"end":{"line":79,"column":17}},{"start":{"line":79,"column":21},"end":{"line":79,"column":49}}]},"8":{"loc":{"start":{"line":94,"column":10},"end":{"line":94,"column":74}},"type":"binary-expr","locations":[{"start":{"line":94,"column":10},"end":{"line":94,"column":52}},{"start":{"line":94,"column":56},"end":{"line":94,"column":74}}]},"9":{"loc":{"start":{"line":96,"column":10},"end":{"line":96,"column":68}},"type":"binary-expr","locations":[{"start":{"line":96,"column":10},"end":{"line":96,"column":48}},{"start":{"line":96,"column":52},"end":{"line":96,"column":68}}]},"10":{"loc":{"start":{"line":97,"column":15},"end":{"line":97,"column":37}},"type":"binary-expr","locations":[{"start":{"line":97,"column":15},"end":{"line":97,"column":25}},{"start":{"line":97,"column":29},"end":{"line":97,"column":37}}]},"11":{"loc":{"start":{"line":101,"column":4},"end":{"line":103,"column":5}},"type":"if","locations":[{"start":{"line":101,"column":4},"end":{"line":103,"column":5}},{"start":{},"end":{}}]},"12":{"loc":{"start":{"line":22,"column":32},"end":{"line":22,"column":null}},"type":"cond-expr","locations":[{"start":{"line":22,"column":41},"end":{"line":22,"column":null}},{"start":{"line":22,"column":41},"end":{"line":22,"column":null}}]},"13":{"loc":{"start":{"line":22,"column":32},"end":{"line":22,"column":41}},"type":"binary-expr","locations":[{"start":{"line":22,"column":32},"end":{"line":22,"column":null}},{"start":{"line":22,"column":32},"end":{"line":22,"column":41}}]},"14":{"loc":{"start":{"line":22,"column":41},"end":{"line":23,"column":null}},"type":"cond-expr","locations":[{"start":{"line":23,"column":42},"end":{"line":23,"column":null}},{"start":{"line":23,"column":42},"end":{"line":23,"column":null}}]},"15":{"loc":{"start":{"line":22,"column":41},"end":{"line":23,"column":42}},"type":"binary-expr","locations":[{"start":{"line":22,"column":41},"end":{"line":23,"column":null}},{"start":{"line":23,"column":29},"end":{"line":23,"column":42}}]}},"s":{"0":5,"1":5,"2":5,"3":5,"4":5,"5":5,"6":5,"7":15,"8":15,"9":16,"10":16,"11":3,"12":13,"13":13,"14":13,"15":13,"16":13,"17":1,"18":12,"19":12,"20":1,"21":11,"22":1,"23":10,"24":1,"25":9,"26":9,"27":9,"28":9,"29":1,"30":8,"31":8,"32":8,"33":7,"34":7,"35":7,"36":8,"37":4,"38":4,"39":9,"40":5,"41":5},"f":{"0":15,"1":16,"2":7,"3":9},"b":{"0":[3,13],"1":[13,1],"2":[1,12],"3":[1,11],"4":[1,10],"5":[1,9],"6":[1,8],"7":[9,2],"8":[7,5],"9":[7,1],"10":[7,5],"11":[4,4],"12":[3,2],"13":[5,3],"14":[5,0],"15":[5,5]}}
,"/app/src/shared/security/public.decorator.ts": {"path":"/app/src/shared/security/public.decorator.ts","statementMap":{"0":{"start":{"line":1,"column":0},"end":{"line":1,"column":45}},"1":{"start":{"line":2,"column":0},"end":{"line":2,"column":53}},"2":{"start":{"line":7,"column":22},"end":{"line":7,"column":60}},"3":{"start":{"line":7,"column":28},"end":{"line":7,"column":60}},"4":{"start":{"line":7,"column":13},"end":{"line":7,"column":22}}},"fnMap":{"0":{"name":"(anonymous_0)","decl":{"start":{"line":7,"column":22},"end":{"line":7,"column":25}},"loc":{"start":{"line":7,"column":28},"end":{"line":7,"column":60}}}},"branchMap":{},"s":{"0":6,"1":6,"2":6,"3":16,"4":6},"f":{"0":16},"b":{}}
,"/app/src/shared/security/security.constants.ts": {"path":"/app/src/shared/security/security.constants.ts","statementMap":{"0":{"start":{"line":1,"column":13},"end":{"line":1,"column":40}},"1":{"start":{"line":2,"column":13},"end":{"line":2,"column":42}}},"fnMap":{},"branchMap":{},"s":{"0":8,"1":8},"f":{},"b":{}}
,"/app/src/shared/security/security.module.ts": {"path":"/app/src/shared/security/security.module.ts","statementMap":{"0":{"start":{"line":1,"column":0},"end":{"line":1,"column":40}},"1":{"start":{"line":2,"column":0},"end":{"line":2,"column":47}},"2":{"start":{"line":3,"column":0},"end":{"line":3,"column":48}},"3":{"start":{"line":4,"column":0},"end":{"line":4,"column":55}},"4":{"start":{"line":15,"column":7},"end":{"line":15,"column":null}},"5":{"start":{"line":15,"column":13},"end":{"line":15,"column":27}},"6":{"start":{"line":15,"column":13},"end":{"line":15,"column":null}}},"fnMap":{},"branchMap":{},"s":{"0":4,"1":4,"2":4,"3":4,"4":4,"5":4,"6":4},"f":{},"b":{}}
,"/app/src/shared/security/security.utils.ts": {"path":"/app/src/shared/security/security.utils.ts","statementMap":{"0":{"start":{"line":4,"column":0},"end":{"line":4,"column":16}},"1":{"start":{"line":19,"column":0},"end":{"line":19,"column":16}},"2":{"start":{"line":5,"column":18},"end":{"line":5,"column":41}},"3":{"start":{"line":6,"column":2},"end":{"line":6,"column":27}},"4":{"start":{"line":6,"column":16},"end":{"line":6,"column":27}},"5":{"start":{"line":7,"column":20},"end":{"line":7,"column":69}},"6":{"start":{"line":9,"column":2},"end":{"line":9,"column":46}},"7":{"start":{"line":9,"column":29},"end":{"line":9,"column":46}},"8":{"start":{"line":10,"column":21},"end":{"line":10,"column":50}},"9":{"start":{"line":12,"column":2},"end":{"line":12,"column":39}},"10":{"start":{"line":20,"column":18},"end":{"line":20,"column":69}},"11":{"start":{"line":21,"column":20},"end":{"line":21,"column":78}},"12":{"start":{"line":24,"column":14},"end":{"line":24,"column":63}},"13":{"start":{"line":25,"column":21},"end":{"line":25,"column":63}},"14":{"start":{"line":29,"column":2},"end":{"line":29,"column":40}},"15":{"start":{"line":29,"column":29},"end":{"line":29,"column":40}},"16":{"start":{"line":30,"column":2},"end":{"line":30,"column":77}},"17":{"start":{"line":30,"column":38},"end":{"line":30,"column":77}},"18":{"start":{"line":32,"column":2},"end":{"line":32,"column":20}}},"fnMap":{"0":{"name":"normalizeResource","decl":{"start":{"line":4,"column":16},"end":{"line":4,"column":33}},"loc":{"start":{"line":4,"column":50},"end":{"line":13,"column":1}}},"1":{"name":"extractResourceFromRequest","decl":{"start":{"line":19,"column":16},"end":{"line":19,"column":42}},"loc":{"start":{"line":19,"column":51},"end":{"line":33,"column":1}}}},"branchMap":{"0":{"loc":{"start":{"line":5,"column":19},"end":{"line":5,"column":33}},"type":"binary-expr","locations":[{"start":{"line":5,"column":19},"end":{"line":5,"column":27}},{"start":{"line":5,"column":31},"end":{"line":5,"column":33}}]},"1":{"loc":{"start":{"line":6,"column":2},"end":{"line":6,"column":27}},"type":"if","locations":[{"start":{"line":6,"column":2},"end":{"line":6,"column":27}},{"start":{},"end":{}}]},"2":{"loc":{"start":{"line":7,"column":20},"end":{"line":7,"column":69}},"type":"cond-expr","locations":[{"start":{"line":7,"column":46},"end":{"line":7,"column":53}},{"start":{"line":7,"column":56},"end":{"line":7,"column":69}}]},"3":{"loc":{"start":{"line":9,"column":2},"end":{"line":9,"column":46}},"type":"if","locations":[{"start":{"line":9,"column":2},"end":{"line":9,"column":46}},{"start":{},"end":{}}]},"4":{"loc":{"start":{"line":12,"column":9},"end":{"line":12,"column":38}},"type":"cond-expr","locations":[{"start":{"line":12,"column":22},"end":{"line":12,"column":32}},{"start":{"line":12,"column":35},"end":{"line":12,"column":38}}]},"5":{"loc":{"start":{"line":20,"column":18},"end":{"line":20,"column":69}},"type":"cond-expr","locations":[{"start":{"line":20,"column":53},"end":{"line":20,"column":64}},{"start":{"line":20,"column":67},"end":{"line":20,"column":69}}]},"6":{"loc":{"start":{"line":21,"column":20},"end":{"line":21,"column":78}},"type":"cond-expr","locations":[{"start":{"line":21,"column":59},"end":{"line":21,"column":73}},{"start":{"line":21,"column":76},"end":{"line":21,"column":78}}]},"7":{"loc":{"start":{"line":24,"column":27},"end":{"line":24,"column":61}},"type":"cond-expr","locations":[{"start":{"line":24,"column":47},"end":{"line":24,"column":49}},{"start":{"line":24,"column":52},"end":{"line":24,"column":61}}]},"8":{"loc":{"start":{"line":25,"column":39},"end":{"line":25,"column":62}},"type":"binary-expr","locations":[{"start":{"line":25,"column":39},"end":{"line":25,"column":42}},{"start":{"line":25,"column":46},"end":{"line":25,"column":55}},{"start":{"line":25,"column":59},"end":{"line":25,"column":62}}]},"9":{"loc":{"start":{"line":29,"column":2},"end":{"line":29,"column":40}},"type":"if","locations":[{"start":{"line":29,"column":2},"end":{"line":29,"column":40}},{"start":{},"end":{}}]},"10":{"loc":{"start":{"line":30,"column":2},"end":{"line":30,"column":77}},"type":"if","locations":[{"start":{"line":30,"column":2},"end":{"line":30,"column":77}},{"start":{},"end":{}}]}},"s":{"0":8,"1":8,"2":35,"3":35,"4":3,"5":32,"6":32,"7":3,"8":29,"9":29,"10":20,"11":20,"12":20,"13":20,"14":20,"15":1,"16":19,"17":6,"18":13},"f":{"0":35,"1":20},"b":{"0":[35,1],"1":[3,32],"2":[30,2],"3":[3,29],"4":[28,1],"5":[15,5],"6":[15,5],"7":[8,12],"8":[20,5,2],"9":[1,19],"10":[6,13]}}
,"/app/src/shared/security/token.service.ts": {"path":"/app/src/shared/security/token.service.ts","statementMap":{"0":{"start":{"line":1,"column":0},"end":{"line":1,"column":44}},"1":{"start":{"line":2,"column":0},"end":{"line":2,"column":33}},"2":{"start":{"line":3,"column":0},"end":{"line":3,"column":36}},"3":{"start":{"line":4,"column":0},"end":{"line":4,"column":74}},"4":{"start":{"line":33,"column":7},"end":{"line":186,"column":null}},"5":{"start":{"line":42,"column":19},"end":{"line":42,"column":56}},"6":{"start":{"line":44,"column":22},"end":{"line":44,"column":64}},"7":{"start":{"line":45,"column":22},"end":{"line":45,"column":64}},"8":{"start":{"line":47,"column":4},"end":{"line":47,"column":73}},"9":{"start":{"line":48,"column":4},"end":{"line":48,"column":77}},"10":{"start":{"line":50,"column":4},"end":{"line":68,"column":5}},"11":{"start":{"line":52,"column":6},"end":{"line":56,"column":7}},"12":{"start":{"line":53,"column":8},"end":{"line":55,"column":10}},"13":{"start":{"line":57,"column":6},"end":{"line":61,"column":7}},"14":{"start":{"line":58,"column":8},"end":{"line":60,"column":10}},"15":{"start":{"line":62,"column":6},"end":{"line":64,"column":7}},"16":{"start":{"line":63,"column":8},"end":{"line":63,"column":75}},"17":{"start":{"line":65,"column":6},"end":{"line":67,"column":7}},"18":{"start":{"line":66,"column":8},"end":{"line":66,"column":77}},"19":{"start":{"line":70,"column":4},"end":{"line":70,"column":66}},"20":{"start":{"line":71,"column":4},"end":{"line":71,"column":66}},"21":{"start":{"line":73,"column":4},"end":{"line":75,"column":6}},"22":{"start":{"line":76,"column":4},"end":{"line":78,"column":6}},"23":{"start":{"line":85,"column":4},"end":{"line":85,"column":69}},"24":{"start":{"line":94,"column":22},"end":{"line":95,"column":null}},"25":{"start":{"line":97,"column":18},"end":{"line":100,"column":null}},"26":{"start":{"line":102,"column":4},"end":{"line":102,"column":32}},"27":{"start":{"line":109,"column":4},"end":{"line":109,"column":60}},"28":{"start":{"line":117,"column":16},"end":{"line":132,"column":24}},"29":{"start":{"line":134,"column":4},"end":{"line":141,"column":28}},"30":{"start":{"line":151,"column":26},"end":{"line":151,"column":66}},"31":{"start":{"line":152,"column":21},"end":{"line":152,"column":56}},"32":{"start":{"line":154,"column":24},"end":{"line":158,"column":6}},"33":{"start":{"line":160,"column":19},"end":{"line":160,"column":41}},"34":{"start":{"line":161,"column":19},"end":{"line":161,"column":41}},"35":{"start":{"line":163,"column":6},"end":{"line":163,"column":66}},"36":{"start":{"line":164,"column":18},"end":{"line":164,"column":72}},"37":{"start":{"line":165,"column":25},"end":{"line":165,"column":53}},"38":{"start":{"line":166,"column":22},"end":{"line":166,"column":39}},"39":{"start":{"line":167,"column":4},"end":{"line":169,"column":5}},"40":{"start":{"line":168,"column":6},"end":{"line":168,"column":44}},"41":{"start":{"line":171,"column":4},"end":{"line":179,"column":5}},"42":{"start":{"line":178,"column":6},"end":{"line":178,"column":42}},"43":{"start":{"line":181,"column":4},"end":{"line":184,"column":6}},"44":{"start":{"line":33,"column":13},"end":{"line":33,"column":25}},"45":{"start":{"line":33,"column":13},"end":{"line":186,"column":null}}},"fnMap":{"0":{"name":"(anonymous_11)","decl":{"start":{"line":41,"column":2},"end":{"line":41,"column":null}},"loc":{"start":{"line":41,"column":2},"end":{"line":79,"column":3}}},"1":{"name":"(anonymous_12)","decl":{"start":{"line":84,"column":2},"end":{"line":84,"column":7}},"loc":{"start":{"line":84,"column":40},"end":{"line":86,"column":3}}},"2":{"name":"(anonymous_13)","decl":{"start":{"line":91,"column":2},"end":{"line":91,"column":7}},"loc":{"start":{"line":92,"column":25},"end":{"line":103,"column":3}}},"3":{"name":"(anonymous_14)","decl":{"start":{"line":108,"column":2},"end":{"line":108,"column":11}},"loc":{"start":{"line":108,"column":25},"end":{"line":110,"column":3}}},"4":{"name":"(anonymous_15)","decl":{"start":{"line":112,"column":10},"end":{"line":112,"column":15}},"loc":{"start":{"line":115,"column":28},"end":{"line":142,"column":3}}},"5":{"name":"(anonymous_16)","decl":{"start":{"line":150,"column":2},"end":{"line":150,"column":7}},"loc":{"start":{"line":150,"column":28},"end":{"line":185,"column":3}}}},"branchMap":{"0":{"loc":{"start":{"line":44,"column":22},"end":{"line":44,"column":64}},"type":"binary-expr","locations":[{"start":{"line":44,"column":22},"end":{"line":44,"column":44}},{"start":{"line":44,"column":48},"end":{"line":44,"column":64}}]},"1":{"loc":{"start":{"line":45,"column":22},"end":{"line":45,"column":64}},"type":"binary-expr","locations":[{"start":{"line":45,"column":22},"end":{"line":45,"column":44}},{"start":{"line":45,"column":48},"end":{"line":45,"column":64}}]},"2":{"loc":{"start":{"line":47,"column":18},"end":{"line":47,"column":72}},"type":"binary-expr","locations":[{"start":{"line":47,"column":18},"end":{"line":47,"column":42}},{"start":{"line":47,"column":46},"end":{"line":47,"column":72}}]},"3":{"loc":{"start":{"line":48,"column":20},"end":{"line":48,"column":76}},"type":"binary-expr","locations":[{"start":{"line":48,"column":20},"end":{"line":48,"column":46}},{"start":{"line":48,"column":50},"end":{"line":48,"column":76}}]},"4":{"loc":{"start":{"line":50,"column":4},"end":{"line":68,"column":5}},"type":"if","locations":[{"start":{"line":50,"column":4},"end":{"line":68,"column":5}},{"start":{},"end":{}}]},"5":{"loc":{"start":{"line":52,"column":6},"end":{"line":56,"column":7}},"type":"if","locations":[{"start":{"line":52,"column":6},"end":{"line":56,"column":7}},{"start":{},"end":{}}]},"6":{"loc":{"start":{"line":52,"column":10},"end":{"line":52,"column":71}},"type":"binary-expr","locations":[{"start":{"line":52,"column":10},"end":{"line":52,"column":33}},{"start":{"line":52,"column":37},"end":{"line":52,"column":71}}]},"7":{"loc":{"start":{"line":57,"column":6},"end":{"line":61,"column":7}},"type":"if","locations":[{"start":{"line":57,"column":6},"end":{"line":61,"column":7}},{"start":{},"end":{}}]},"8":{"loc":{"start":{"line":57,"column":10},"end":{"line":57,"column":71}},"type":"binary-expr","locations":[{"start":{"line":57,"column":10},"end":{"line":57,"column":33}},{"start":{"line":57,"column":37},"end":{"line":57,"column":71}}]},"9":{"loc":{"start":{"line":62,"column":6},"end":{"line":64,"column":7}},"type":"if","locations":[{"start":{"line":62,"column":6},"end":{"line":64,"column":7}},{"start":{},"end":{}}]},"10":{"loc":{"start":{"line":65,"column":6},"end":{"line":67,"column":7}},"type":"if","locations":[{"start":{"line":65,"column":6},"end":{"line":67,"column":7}},{"start":{},"end":{}}]},"11":{"loc":{"start":{"line":74,"column":6},"end":{"line":74,"column":47}},"type":"binary-expr","locations":[{"start":{"line":74,"column":6},"end":{"line":74,"column":40}},{"start":{"line":74,"column":44},"end":{"line":74,"column":47}}]},"12":{"loc":{"start":{"line":77,"column":6},"end":{"line":77,"column":64}},"type":"binary-expr","locations":[{"start":{"line":77,"column":6},"end":{"line":77,"column":44}},{"start":{"line":77,"column":48},"end":{"line":77,"column":64}}]},"13":{"loc":{"start":{"line":163,"column":6},"end":{"line":163,"column":66}},"type":"cond-expr","locations":[{"start":{"line":163,"column":45},"end":{"line":163,"column":61}},{"start":{"line":163,"column":64},"end":{"line":163,"column":66}}]},"14":{"loc":{"start":{"line":164,"column":18},"end":{"line":164,"column":72}},"type":"cond-expr","locations":[{"start":{"line":164,"column":54},"end":{"line":164,"column":67}},{"start":{"line":164,"column":70},"end":{"line":164,"column":72}}]},"15":{"loc":{"start":{"line":167,"column":4},"end":{"line":169,"column":5}},"type":"if","locations":[{"start":{"line":167,"column":4},"end":{"line":169,"column":5}},{"start":{},"end":{}}]},"16":{"loc":{"start":{"line":167,"column":8},"end":{"line":167,"column":57}},"type":"binary-expr","locations":[{"start":{"line":167,"column":8},"end":{"line":167,"column":30}},{"start":{"line":167,"column":34},"end":{"line":167,"column":57}}]},"17":{"loc":{"start":{"line":171,"column":4},"end":{"line":179,"column":5}},"type":"if","locations":[{"start":{"line":171,"column":4},"end":{"line":179,"column":5}},{"start":{},"end":{}}]},"18":{"loc":{"start":{"line":172,"column":6},"end":{"line":176,"column":32}},"type":"binary-expr","locations":[{"start":{"line":172,"column":6},"end":{"line":172,"column":13}},{"start":{"line":173,"column":6},"end":{"line":173,"column":13}},{"start":{"line":174,"column":6},"end":{"line":174,"column":15}},{"start":{"line":175,"column":6},"end":{"line":175,"column":12}},{"start":{"line":176,"column":6},"end":{"line":176,"column":32}}]}},"s":{"0":8,"1":8,"2":8,"3":8,"4":8,"5":13,"6":13,"7":13,"8":13,"9":13,"10":13,"11":4,"12":1,"13":3,"14":1,"15":2,"16":1,"17":1,"18":1,"19":9,"20":9,"21":9,"22":9,"23":4,"24":2,"25":2,"26":2,"27":3,"28":6,"29":6,"30":8,"31":6,"32":6,"33":6,"34":6,"35":6,"36":6,"37":6,"38":6,"39":6,"40":1,"41":5,"42":1,"43":4,"44":8,"45":8},"f":{"0":13,"1":4,"2":2,"3":3,"4":6,"5":8},"b":{"0":[13,1],"1":[13,2],"2":[13,3],"3":[13,4],"4":[4,9],"5":[1,3],"6":[4,3],"7":[1,2],"8":[3,2],"9":[1,1],"10":[1,0],"11":[9,9],"12":[9,9],"13":[5,1],"14":[5,1],"15":[1,5],"16":[6,2],"17":[1,4],"18":[5,4,4,4,4]}}
}
