TN:
SF:src/app.module.ts
FNF:0
FNH:0
DA:1,4
DA:2,4
DA:3,4
DA:4,4
DA:5,4
DA:6,4
DA:7,4
DA:25,4
LF:8
LH:8
BRF:0
BRH:0
end_of_record
TN:
SF:src/main.ts
FN:11,bootstrap
FN:17,(anonymous_2)
FNF:2
FNH:2
FNDA:2,bootstrap
FNDA:3,(anonymous_2)
DA:1,2
DA:2,2
DA:3,2
DA:4,2
DA:5,2
DA:6,2
DA:7,2
DA:8,2
DA:9,2
DA:11,2
DA:12,2
DA:15,2
DA:17,3
DA:20,2
DA:26,2
DA:40,2
DA:42,2
DA:51,2
DA:53,2
DA:54,2
DA:57,2
DA:58,2
DA:60,2
DA:61,2
DA:65,2
DA:66,1
LF:26
LH:26
BRDA:15,0,0,2
BRDA:15,0,1,1
BRDA:21,1,0,1
BRDA:21,1,1,1
BRDA:31,2,0,1
BRDA:31,2,1,1
BRDA:35,3,0,1
BRDA:35,3,1,1
BRDA:60,4,0,2
BRDA:60,4,1,0
BRDA:65,5,0,1
BRDA:65,5,1,1
BRF:12
BRH:11
end_of_record
TN:
SF:src/modules/auth/auth.module.ts
FNF:0
FNH:0
DA:1,4
DA:2,4
DA:3,4
DA:4,4
DA:5,4
DA:6,4
DA:7,4
DA:17,4
LF:8
LH:8
BRF:0
BRH:0
end_of_record
TN:
SF:src/modules/auth/application/login.usecase.ts
FN:12,(anonymous_11)
FN:20,(anonymous_12)
FNF:2
FNH:2
FNDA:11,(anonymous_11)
FNDA:6,(anonymous_12)
DA:1,6
DA:2,6
DA:3,6
DA:4,6
DA:5,6
DA:11,6
DA:13,11
DA:14,11
DA:24,6
DA:27,6
DA:29,6
DA:30,6
DA:35,6
DA:36,3
DA:42,3
DA:43,1
DA:49,2
DA:50,2
DA:51,1
DA:57,1
DA:65,1
DA:73,1
DA:74,1
DA:82,1
LF:24
LH:24
BRDA:24,0,0,6
BRDA:24,0,1,2
BRDA:27,1,0,6
BRDA:27,1,1,2
BRDA:35,2,0,3
BRDA:35,2,1,3
BRDA:42,3,0,1
BRDA:42,3,1,2
BRDA:50,4,0,1
BRDA:50,4,1,1
BRDA:13,5,0,6
BRDA:13,5,1,0
BRDA:13,6,0,6
BRDA:13,6,1,6
BRDA:13,7,0,6
BRDA:13,7,1,0
BRDA:13,8,0,6
BRDA:13,8,1,6
BRF:18
BRH:16
end_of_record
TN:
SF:src/modules/auth/application/logout.usecase.ts
FN:11,(anonymous_2)
FN:13,(anonymous_3)
FN:16,(anonymous_4)
FNF:3
FNH:3
FNDA:6,(anonymous_2)
FNDA:1,(anonymous_3)
FNDA:1,(anonymous_4)
DA:1,6
DA:2,6
DA:3,6
DA:10,6
DA:11,6
DA:14,1
DA:16,1
DA:18,1
DA:24,1
DA:30,1
LF:10
LH:10
BRDA:11,0,0,6
BRDA:11,0,1,0
BRDA:11,1,0,6
BRDA:11,1,1,6
BRF:4
BRH:3
end_of_record
TN:
SF:src/modules/auth/application/refresh.usecase.ts
FN:19,(anonymous_2)
FN:24,(anonymous_3)
FN:52,(anonymous_4)
FN:107,(anonymous_5)
FNF:4
FNH:4
FNDA:14,(anonymous_2)
FNDA:9,(anonymous_3)
FNDA:1,(anonymous_4)
FNDA:1,(anonymous_5)
DA:1,6
DA:2,6
DA:3,6
DA:4,6
DA:18,6
DA:20,14
DA:21,14
DA:27,9
DA:29,9
DA:30,9
DA:31,9
DA:32,1
DA:35,7
DA:38,7
DA:39,7
DA:42,7
DA:46,7
DA:47,1
DA:51,6
DA:52,1
DA:53,1
DA:57,1
DA:62,1
DA:65,5
DA:67,1
DA:71,1
DA:75,4
DA:80,4
DA:81,2
DA:85,2
DA:86,1
DA:90,1
DA:98,1
DA:106,1
DA:107,1
DA:108,1
DA:112,1
DA:121,1
DA:127,8
LF:39
LH:39
BRDA:27,0,0,9
BRDA:27,0,1,1
BRDA:31,1,0,1
BRDA:31,1,1,7
BRDA:46,2,0,1
BRDA:46,2,1,6
BRDA:51,3,0,1
BRDA:51,3,1,5
BRDA:65,4,0,1
BRDA:65,4,1,4
BRDA:80,5,0,2
BRDA:80,5,1,2
BRDA:85,6,0,1
BRDA:85,6,1,1
BRDA:20,7,0,6
BRDA:20,7,1,0
BRDA:20,8,0,6
BRDA:20,8,1,6
BRDA:20,9,0,6
BRDA:20,9,1,0
BRDA:20,10,0,6
BRDA:20,10,1,6
BRF:22
BRH:20
end_of_record
TN:
SF:src/modules/auth/application/register.usecase.ts
FN:17,(anonymous_11)
FN:22,(anonymous_12)
FNF:2
FNH:2
FNDA:9,(anonymous_11)
FNDA:5,(anonymous_12)
DA:1,6
DA:2,6
DA:3,6
DA:4,6
DA:5,6
DA:16,6
DA:18,9
DA:19,9
DA:26,5
DA:29,5
DA:31,5
DA:34,5
DA:40,5
DA:42,5
DA:43,5
DA:52,3
DA:60,3
DA:68,3
DA:69,3
DA:77,3
DA:83,2
DA:84,1
DA:89,1
LF:23
LH:23
BRDA:26,0,0,5
BRDA:26,0,1,1
BRDA:29,1,0,5
BRDA:29,1,1,1
BRDA:83,2,0,1
BRDA:83,2,1,1
BRDA:18,3,0,6
BRDA:18,3,1,0
BRDA:18,4,0,6
BRDA:18,4,1,6
BRDA:18,5,0,6
BRDA:18,5,1,0
BRDA:18,6,0,6
BRDA:18,6,1,6
BRF:14
BRH:12
end_of_record
TN:
SF:src/modules/auth/presentation/auth.controller.ts
FN:17,(anonymous_4)
FN:31,(anonymous_5)
FN:42,(anonymous_6)
FN:52,(anonymous_7)
FN:60,(anonymous_8)
FNF:5
FNH:5
FNDA:6,(anonymous_4)
FNDA:1,(anonymous_5)
FNDA:2,(anonymous_6)
FNDA:1,(anonymous_7)
FNDA:1,(anonymous_8)
DA:1,5
DA:2,5
DA:3,5
DA:4,5
DA:5,5
DA:6,5
DA:7,5
DA:8,5
DA:9,5
DA:10,5
DA:16,5
DA:18,6
DA:19,6
DA:20,6
DA:21,6
DA:31,5
DA:32,1
DA:42,5
DA:43,2
DA:52,5
DA:53,1
DA:60,5
DA:61,1
LF:23
LH:23
BRDA:31,0,0,5
BRDA:31,0,1,0
BRDA:31,1,0,5
BRDA:31,1,1,5
BRDA:42,2,0,5
BRDA:42,2,1,0
BRDA:42,3,0,5
BRDA:42,3,1,5
BRDA:52,4,0,5
BRDA:52,4,1,0
BRDA:52,5,0,5
BRDA:52,5,1,5
BRDA:18,6,0,5
BRDA:18,6,1,0
BRDA:18,7,0,5
BRDA:18,7,1,5
BRDA:18,8,0,5
BRDA:18,8,1,0
BRDA:18,9,0,5
BRDA:18,9,1,5
BRDA:19,10,0,5
BRDA:19,10,1,0
BRDA:19,11,0,5
BRDA:19,11,1,5
BRDA:20,12,0,5
BRDA:20,12,1,0
BRDA:20,13,0,5
BRDA:20,13,1,5
BRF:28
BRH:21
end_of_record
TN:
SF:src/modules/auth/presentation/dto/login.dto.ts
FNF:0
FNH:0
DA:1,5
DA:6,5
DA:8,5
DA:12,5
LF:4
LH:4
BRF:0
BRH:0
end_of_record
TN:
SF:src/modules/auth/presentation/dto/refresh.dto.ts
FNF:0
FNH:0
DA:1,5
DA:6,5
DA:9,5
LF:3
LH:3
BRF:0
BRH:0
end_of_record
TN:
SF:src/modules/auth/presentation/dto/register.dto.ts
FNF:0
FNH:0
DA:1,5
DA:12,5
DA:14,5
DA:31,5
LF:4
LH:4
BRF:0
BRH:0
end_of_record
TN:
SF:src/modules/permissions/permissions.module.ts
FNF:0
FNH:0
DA:1,4
DA:2,4
DA:3,4
DA:4,4
DA:5,4
DA:18,4
LF:6
LH:6
BRF:0
BRH:0
end_of_record
TN:
SF:src/modules/permissions/application/assign-permission.usecase.ts
FN:15,(anonymous_2)
FN:17,(anonymous_3)
FN:51,(anonymous_4)
FNF:3
FNH:3
FNDA:11,(anonymous_2)
FNDA:6,(anonymous_3)
FNDA:1,(anonymous_4)
DA:1,6
DA:2,6
DA:3,6
DA:4,6
DA:14,6
DA:15,11
DA:28,6
DA:29,6
DA:30,6
DA:34,6
DA:35,2
DA:42,4
DA:43,4
DA:44,1
DA:50,3
DA:51,3
DA:52,1
DA:56,1
DA:65,1
DA:68,1
DA:76,2
DA:77,1
DA:83,1
LF:23
LH:23
BRDA:30,0,0,6
BRDA:30,0,1,1
BRDA:34,1,0,2
BRDA:34,1,1,4
BRDA:43,2,0,1
BRDA:43,2,1,3
BRDA:76,3,0,1
BRDA:76,3,1,1
BRDA:15,4,0,6
BRDA:15,4,1,0
BRDA:15,5,0,6
BRDA:15,5,1,6
BRF:12
BRH:11
end_of_record
TN:
SF:src/modules/permissions/presentation/dashboard.controller.ts
FN:11,(anonymous_2)
FNF:1
FNH:1
FNDA:3,(anonymous_2)
DA:1,5
DA:2,5
DA:9,5
DA:11,5
DA:12,3
LF:5
LH:5
BRF:0
BRH:0
end_of_record
TN:
SF:src/modules/permissions/presentation/permissions.controller.ts
FN:11,(anonymous_4)
FN:19,(anonymous_5)
FNF:2
FNH:2
FNDA:6,(anonymous_4)
FNDA:1,(anonymous_5)
DA:1,5
DA:2,5
DA:3,5
DA:4,5
DA:10,5
DA:11,6
DA:19,5
DA:20,1
LF:8
LH:8
BRDA:19,0,0,5
BRDA:19,0,1,0
BRDA:19,1,0,5
BRDA:19,1,1,5
BRDA:11,2,0,5
BRDA:11,2,1,0
BRDA:11,3,0,5
BRDA:11,3,1,5
BRF:8
BRH:6
end_of_record
TN:
SF:src/modules/permissions/presentation/relatorios.controller.ts
FN:11,(anonymous_2)
FNF:1
FNH:1
FNDA:1,(anonymous_2)
DA:1,5
DA:2,5
DA:9,5
DA:11,5
DA:12,1
LF:5
LH:5
BRF:0
BRH:0
end_of_record
TN:
SF:src/modules/permissions/presentation/dto/assign-permission.dto.ts
FNF:0
FNH:0
DA:1,5
DA:6,5
DA:9,5
DA:13,5
DA:17,5
LF:5
LH:5
BRF:0
BRH:0
end_of_record
TN:
SF:src/shared/http/api-exception.filter.ts
FN:26,(anonymous_1)
FN:48,(anonymous_2)
FNF:2
FNH:2
FNDA:9,(anonymous_1)
FNDA:8,(anonymous_2)
DA:1,5
DA:9,5
DA:25,5
DA:27,9
DA:28,9
DA:30,9
DA:31,8
DA:32,8
DA:34,8
DA:35,8
DA:38,1
DA:45,1
DA:53,8
DA:61,8
DA:62,1
DA:68,7
DA:70,7
DA:76,7
LF:18
LH:18
BRDA:30,0,0,8
BRDA:30,0,1,1
BRDA:53,1,0,2
BRDA:53,1,1,6
BRDA:55,2,0,3
BRDA:55,2,1,3
BRDA:57,3,0,2
BRDA:57,3,1,1
BRDA:61,4,0,1
BRDA:61,4,1,7
BRDA:70,5,0,4
BRDA:70,5,1,3
BRDA:72,6,0,2
BRDA:72,6,1,1
BRDA:79,7,0,7
BRDA:79,7,1,3
BRF:16
BRH:16
end_of_record
TN:
SF:src/shared/http/api-messages.ts
FNF:0
FNH:0
DA:5,11
LF:1
LH:1
BRF:0
BRH:0
end_of_record
TN:
SF:src/shared/http/api-response.interceptor.ts
FN:16,(anonymous_1)
FN:17,(anonymous_2)
FNF:2
FNH:2
FNDA:5,(anonymous_1)
FNDA:4,(anonymous_2)
DA:1,5
DA:8,5
DA:15,5
DA:17,5
LF:4
LH:4
BRF:0
BRH:0
end_of_record
TN:
SF:src/shared/prisma/prisma.module.ts
FNF:0
FNH:0
DA:1,4
DA:2,4
DA:12,4
LF:3
LH:3
BRF:0
BRH:0
end_of_record
TN:
SF:src/shared/prisma/prisma.service.ts
FN:9,(anonymous_1)
FN:17,(anonymous_2)
FN:18,(anonymous_3)
FNF:3
FNH:3
FNDA:2,(anonymous_1)
FNDA:1,(anonymous_2)
FNDA:1,(anonymous_3)
DA:1,9
DA:2,9
DA:8,9
DA:10,2
DA:18,1
DA:19,1
LF:6
LH:6
BRF:0
BRH:0
end_of_record
TN:
SF:src/shared/security/admin-only.decorator.ts
FN:7,(anonymous_0)
FNF:1
FNH:1
FNDA:6,(anonymous_0)
DA:1,6
DA:2,6
DA:7,6
LF:3
LH:3
BRF:0
BRH:0
end_of_record
TN:
SF:src/shared/security/jwe-auth.guard.ts
FN:20,(anonymous_2)
FN:25,(anonymous_3)
FNF:2
FNH:2
FNDA:12,(anonymous_2)
FNDA:14,(anonymous_3)
DA:1,5
DA:7,5
DA:8,5
DA:9,5
DA:10,5
DA:19,5
DA:21,12
DA:22,12
DA:26,14
DA:30,14
DA:32,11
DA:33,11
DA:34,11
DA:36,11
DA:37,4
DA:43,7
DA:44,7
DA:45,6
DA:46,1
DA:49,5
DA:50,5
DA:57,5
DA:59,2
LF:23
LH:23
BRDA:30,0,0,3
BRDA:30,0,1,11
BRDA:33,1,0,11
BRDA:33,1,1,2
BRDA:36,2,0,4
BRDA:36,2,1,7
BRDA:36,3,0,11
BRDA:36,3,1,8
BRDA:45,4,0,1
BRDA:45,4,1,5
BRDA:21,5,0,3
BRDA:21,5,1,2
BRDA:21,6,0,5
BRDA:21,6,1,3
BRDA:21,7,0,5
BRDA:21,7,1,0
BRDA:21,8,0,5
BRDA:21,8,1,5
BRF:18
BRH:17
end_of_record
TN:
SF:src/shared/security/permissions.guard.ts
FN:21,(anonymous_2)
FN:26,(anonymous_3)
FN:92,(anonymous_4)
FN:108,(anonymous_5)
FNF:4
FNH:4
FNDA:15,(anonymous_2)
FNDA:16,(anonymous_3)
FNDA:7,(anonymous_4)
FNDA:9,(anonymous_5)
DA:1,5
DA:7,5
DA:8,5
DA:9,5
DA:10,5
DA:11,5
DA:20,5
DA:22,15
DA:23,15
DA:27,16
DA:31,16
DA:33,13
DA:34,13
DA:36,13
DA:41,13
DA:42,13
DA:43,1
DA:46,12
DA:57,12
DA:58,1
DA:61,11
DA:62,1
DA:67,10
DA:68,1
DA:71,9
DA:72,9
DA:74,9
DA:79,9
DA:80,1
DA:83,8
DA:85,8
DA:91,8
DA:94,7
DA:96,7
DA:97,7
DA:101,8
DA:102,4
DA:105,4
DA:112,9
LF:39
LH:39
BRDA:31,0,0,3
BRDA:31,0,1,13
BRDA:38,1,0,13
BRDA:38,1,1,1
BRDA:42,2,0,1
BRDA:42,2,1,12
BRDA:57,3,0,1
BRDA:57,3,1,11
BRDA:61,4,0,1
BRDA:61,4,1,10
BRDA:67,5,0,1
BRDA:67,5,1,9
BRDA:79,6,0,1
BRDA:79,6,1,8
BRDA:79,7,0,9
BRDA:79,7,1,2
BRDA:94,8,0,7
BRDA:94,8,1,5
BRDA:96,9,0,7
BRDA:96,9,1,1
BRDA:97,10,0,7
BRDA:97,10,1,5
BRDA:101,11,0,4
BRDA:101,11,1,4
BRDA:22,12,0,3
BRDA:22,12,1,2
BRDA:22,13,0,5
BRDA:22,13,1,3
BRDA:22,14,0,5
BRDA:22,14,1,0
BRDA:22,15,0,5
BRDA:22,15,1,5
BRF:32
BRH:31
end_of_record
TN:
SF:src/shared/security/public.decorator.ts
FN:7,(anonymous_0)
FNF:1
FNH:1
FNDA:16,(anonymous_0)
DA:1,6
DA:2,6
DA:7,16
LF:3
LH:3
BRF:0
BRH:0
end_of_record
TN:
SF:src/shared/security/security.constants.ts
FNF:0
FNH:0
DA:1,8
DA:2,8
LF:2
LH:2
BRF:0
BRH:0
end_of_record
TN:
SF:src/shared/security/security.module.ts
FNF:0
FNH:0
DA:1,4
DA:2,4
DA:3,4
DA:4,4
DA:15,4
LF:5
LH:5
BRF:0
BRH:0
end_of_record
TN:
SF:src/shared/security/security.utils.ts
FN:4,normalizeResource
FN:19,extractResourceFromRequest
FNF:2
FNH:2
FNDA:35,normalizeResource
FNDA:20,extractResourceFromRequest
DA:4,8
DA:5,35
DA:6,35
DA:7,32
DA:9,32
DA:10,29
DA:12,29
DA:19,8
DA:20,20
DA:21,20
DA:24,20
DA:25,20
DA:29,20
DA:30,19
DA:32,13
LF:15
LH:15
BRDA:5,0,0,35
BRDA:5,0,1,1
BRDA:6,1,0,3
BRDA:6,1,1,32
BRDA:7,2,0,30
BRDA:7,2,1,2
BRDA:9,3,0,3
BRDA:9,3,1,29
BRDA:12,4,0,28
BRDA:12,4,1,1
BRDA:20,5,0,15
BRDA:20,5,1,5
BRDA:21,6,0,15
BRDA:21,6,1,5
BRDA:24,7,0,8
BRDA:24,7,1,12
BRDA:25,8,0,20
BRDA:25,8,1,5
BRDA:25,8,2,2
BRDA:29,9,0,1
BRDA:29,9,1,19
BRDA:30,10,0,6
BRDA:30,10,1,13
BRF:23
BRH:23
end_of_record
TN:
SF:src/shared/security/token.service.ts
FN:41,(anonymous_11)
FN:84,(anonymous_12)
FN:91,(anonymous_13)
FN:108,(anonymous_14)
FN:112,(anonymous_15)
FN:150,(anonymous_16)
FNF:6
FNH:6
FNDA:13,(anonymous_11)
FNDA:4,(anonymous_12)
FNDA:2,(anonymous_13)
FNDA:3,(anonymous_14)
FNDA:6,(anonymous_15)
FNDA:8,(anonymous_16)
DA:1,8
DA:2,8
DA:3,8
DA:4,8
DA:33,8
DA:42,13
DA:44,13
DA:45,13
DA:47,13
DA:48,13
DA:50,13
DA:52,4
DA:53,1
DA:57,3
DA:58,1
DA:62,2
DA:63,1
DA:65,1
DA:66,1
DA:70,9
DA:71,9
DA:73,9
DA:76,9
DA:85,4
DA:94,2
DA:97,2
DA:102,2
DA:109,3
DA:117,6
DA:134,6
DA:151,8
DA:152,6
DA:154,6
DA:160,6
DA:161,6
DA:163,6
DA:164,6
DA:165,6
DA:166,6
DA:167,6
DA:168,1
DA:171,5
DA:178,1
DA:181,4
LF:44
LH:44
BRDA:44,0,0,13
BRDA:44,0,1,1
BRDA:45,1,0,13
BRDA:45,1,1,2
BRDA:47,2,0,13
BRDA:47,2,1,3
BRDA:48,3,0,13
BRDA:48,3,1,4
BRDA:50,4,0,4
BRDA:50,4,1,9
BRDA:52,5,0,1
BRDA:52,5,1,3
BRDA:52,6,0,4
BRDA:52,6,1,3
BRDA:57,7,0,1
BRDA:57,7,1,2
BRDA:57,8,0,3
BRDA:57,8,1,2
BRDA:62,9,0,1
BRDA:62,9,1,1
BRDA:65,10,0,1
BRDA:65,10,1,0
BRDA:74,11,0,9
BRDA:74,11,1,9
BRDA:77,12,0,9
BRDA:77,12,1,9
BRDA:163,13,0,5
BRDA:163,13,1,1
BRDA:164,14,0,5
BRDA:164,14,1,1
BRDA:167,15,0,1
BRDA:167,15,1,5
BRDA:167,16,0,6
BRDA:167,16,1,2
BRDA:171,17,0,1
BRDA:171,17,1,4
BRDA:172,18,0,5
BRDA:172,18,1,4
BRDA:172,18,2,4
BRDA:172,18,3,4
BRDA:172,18,4,4
BRF:41
BRH:40
end_of_record
